05-Jan-2018 13:00:03.131 INFO [main] org.apache.catalina.startup.VersionLoggerListener.log Server version:        Apache Tomcat/9.0.0.M1
05-Jan-2018 13:00:03.136 INFO [main] org.apache.catalina.startup.VersionLoggerListener.log Server built:          Nov 12 2015 22:05:52 UTC
05-Jan-2018 13:00:03.137 INFO [main] org.apache.catalina.startup.VersionLoggerListener.log Server number:         9.0.0.0
05-Jan-2018 13:00:03.138 INFO [main] org.apache.catalina.startup.VersionLoggerListener.log OS Name:               Mac OS X
05-Jan-2018 13:00:03.138 INFO [main] org.apache.catalina.startup.VersionLoggerListener.log OS Version:            10.13.2
05-Jan-2018 13:00:03.138 INFO [main] org.apache.catalina.startup.VersionLoggerListener.log Architecture:          x86_64
05-Jan-2018 13:00:03.139 INFO [main] org.apache.catalina.startup.VersionLoggerListener.log Java Home:             /Library/Java/JavaVirtualMachines/jdk1.8.0_152.jdk/Contents/Home/jre
05-Jan-2018 13:00:03.139 INFO [main] org.apache.catalina.startup.VersionLoggerListener.log JVM Version:           1.8.0_152-b16
05-Jan-2018 13:00:03.140 INFO [main] org.apache.catalina.startup.VersionLoggerListener.log JVM Vendor:            Oracle Corporation
05-Jan-2018 13:00:03.140 INFO [main] org.apache.catalina.startup.VersionLoggerListener.log CATALINA_BASE:         /Users/raphaelkolhaupt/Documents/ADesktop/Informatik17_18/ITM/Abgabe3/itm_skeleton_a3_SS17/assignment3/tools/tomcat/apache-tomcat-9.0.0.M1
05-Jan-2018 13:00:03.140 INFO [main] org.apache.catalina.startup.VersionLoggerListener.log CATALINA_HOME:         /Users/raphaelkolhaupt/Documents/ADesktop/Informatik17_18/ITM/Abgabe3/itm_skeleton_a3_SS17/assignment3/tools/tomcat/apache-tomcat-9.0.0.M1
05-Jan-2018 13:00:03.142 INFO [main] org.apache.catalina.startup.VersionLoggerListener.log Command line argument: -Djava.util.logging.config.file=/Users/raphaelkolhaupt/Documents/ADesktop/Informatik17_18/ITM/Abgabe3/itm_skeleton_a3_SS17/assignment3/tools/tomcat/apache-tomcat-9.0.0.M1/conf/logging.properties
05-Jan-2018 13:00:03.143 INFO [main] org.apache.catalina.startup.VersionLoggerListener.log Command line argument: -Djava.util.logging.manager=org.apache.juli.ClassLoaderLogManager
05-Jan-2018 13:00:03.144 INFO [main] org.apache.catalina.startup.VersionLoggerListener.log Command line argument: -Xmx512m
05-Jan-2018 13:00:03.144 INFO [main] org.apache.catalina.startup.VersionLoggerListener.log Command line argument: -Dcatalina.base=/Users/raphaelkolhaupt/Documents/ADesktop/Informatik17_18/ITM/Abgabe3/itm_skeleton_a3_SS17/assignment3/tools/tomcat/apache-tomcat-9.0.0.M1
05-Jan-2018 13:00:03.145 INFO [main] org.apache.catalina.startup.VersionLoggerListener.log Command line argument: -Dcatalina.home=/Users/raphaelkolhaupt/Documents/ADesktop/Informatik17_18/ITM/Abgabe3/itm_skeleton_a3_SS17/assignment3/tools/tomcat/apache-tomcat-9.0.0.M1
05-Jan-2018 13:00:03.145 INFO [main] org.apache.catalina.startup.VersionLoggerListener.log Command line argument: -Djava.io.tmpdir=/Users/raphaelkolhaupt/Documents/ADesktop/Informatik17_18/ITM/Abgabe3/itm_skeleton_a3_SS17/assignment3/tools/tomcat/apache-tomcat-9.0.0.M1/temp
05-Jan-2018 13:00:03.146 INFO [main] org.apache.catalina.core.AprLifecycleListener.lifecycleEvent The APR based Apache Tomcat Native library which allows optimal performance in production environments was not found on the java.library.path: /Users/raphaelkolhaupt/Library/Java/Extensions:/Library/Java/Extensions:/Network/Library/Java/Extensions:/System/Library/Java/Extensions:/usr/lib/java:.
05-Jan-2018 13:00:03.434 INFO [main] org.apache.coyote.AbstractProtocol.init Initializing ProtocolHandler ["http-nio-8080"]
05-Jan-2018 13:00:03.530 INFO [main] org.apache.tomcat.util.net.NioSelectorPool.getSharedSelector Using a shared selector for servlet write/read
05-Jan-2018 13:00:03.544 INFO [main] org.apache.coyote.AbstractProtocol.init Initializing ProtocolHandler ["ajp-nio-8009"]
05-Jan-2018 13:00:03.546 INFO [main] org.apache.tomcat.util.net.NioSelectorPool.getSharedSelector Using a shared selector for servlet write/read
05-Jan-2018 13:00:03.547 INFO [main] org.apache.catalina.startup.Catalina.load Initialization processed in 1238 ms
05-Jan-2018 13:00:03.624 INFO [main] org.apache.catalina.core.StandardService.startInternal Starting service Catalina
05-Jan-2018 13:00:03.625 INFO [main] org.apache.catalina.core.StandardEngine.startInternal Starting Servlet Engine: Apache Tomcat/9.0.0.M1
05-Jan-2018 13:00:03.640 INFO [localhost-startStop-1] org.apache.catalina.startup.HostConfig.deployDescriptor Deploying configuration descriptor /Users/raphaelkolhaupt/Documents/ADesktop/Informatik17_18/ITM/Abgabe3/itm_skeleton_a3_SS17/assignment3/tools/tomcat/apache-tomcat-9.0.0.M1/conf/Catalina/localhost/itm.xml
05-Jan-2018 13:00:03.716 WARNING [localhost-startStop-1] org.apache.catalina.startup.SetContextPropertiesRule.begin [SetContextPropertiesRule]{Context} Setting property 'debug' to '0' did not find a matching property.
05-Jan-2018 13:00:05.332 INFO [localhost-startStop-1] org.apache.jasper.servlet.TldScanner.scanJars At least one JAR was scanned for TLDs yet contained no TLDs. Enable debug logging for this logger for a complete list of JARs that were scanned but no TLDs were found in them. Skipping unneeded JARs during scanning can improve startup time and JSP compilation time.
05-Jan-2018 13:00:05.420 INFO [localhost-startStop-1] org.apache.catalina.startup.HostConfig.deployDescriptor Deployment of configuration descriptor /Users/raphaelkolhaupt/Documents/ADesktop/Informatik17_18/ITM/Abgabe3/itm_skeleton_a3_SS17/assignment3/tools/tomcat/apache-tomcat-9.0.0.M1/conf/Catalina/localhost/itm.xml has finished in 1,779 ms
05-Jan-2018 13:00:05.422 INFO [localhost-startStop-1] org.apache.catalina.startup.HostConfig.deployDirectory Deploying web application directory /Users/raphaelkolhaupt/Documents/ADesktop/Informatik17_18/ITM/Abgabe3/itm_skeleton_a3_SS17/assignment3/tools/tomcat/apache-tomcat-9.0.0.M1/webapps/ROOT
05-Jan-2018 13:00:05.455 INFO [localhost-startStop-1] org.apache.catalina.startup.HostConfig.deployDirectory Deployment of web application directory /Users/raphaelkolhaupt/Documents/ADesktop/Informatik17_18/ITM/Abgabe3/itm_skeleton_a3_SS17/assignment3/tools/tomcat/apache-tomcat-9.0.0.M1/webapps/ROOT has finished in 34 ms
05-Jan-2018 13:00:05.461 INFO [main] org.apache.coyote.AbstractProtocol.start Starting ProtocolHandler [http-nio-8080]
05-Jan-2018 13:00:05.470 INFO [main] org.apache.coyote.AbstractProtocol.start Starting ProtocolHandler [ajp-nio-8009]
05-Jan-2018 13:00:05.471 INFO [main] org.apache.catalina.startup.Catalina.start Server startup in 1922 ms
Error converting /Users/raphaelkolhaupt/Documents/ADesktop/Informatik17_18/ITM/Abgabe3/itm_skeleton_a3_SS17/assignment3/webapps/itm/media/img : java.lang.NullPointerException
converted /Users/raphaelkolhaupt/Documents/ADesktop/Informatik17_18/ITM/Abgabe3/itm_skeleton_a3_SS17/assignment3/webapps/itm/media/img/b17barb026.jpg to /Users/raphaelkolhaupt/Documents/ADesktop/Informatik17_18/ITM/Abgabe3/itm_skeleton_a3_SS17/assignment3/webapps/itm/media/md/b17barb026.jpg.png
converted /Users/raphaelkolhaupt/Documents/ADesktop/Informatik17_18/ITM/Abgabe3/itm_skeleton_a3_SS17/assignment3/webapps/itm/media/img/b17barb026_dithered.gif to /Users/raphaelkolhaupt/Documents/ADesktop/Informatik17_18/ITM/Abgabe3/itm_skeleton_a3_SS17/assignment3/webapps/itm/media/md/b17barb026_dithered.gif.png
converted /Users/raphaelkolhaupt/Documents/ADesktop/Informatik17_18/ITM/Abgabe3/itm_skeleton_a3_SS17/assignment3/webapps/itm/media/img/b17maartent1427.gif to /Users/raphaelkolhaupt/Documents/ADesktop/Informatik17_18/ITM/Abgabe3/itm_skeleton_a3_SS17/assignment3/webapps/itm/media/md/b17maartent1427.gif.png
converted /Users/raphaelkolhaupt/Documents/ADesktop/Informatik17_18/ITM/Abgabe3/itm_skeleton_a3_SS17/assignment3/webapps/itm/media/img/b17maartent1427.jpg to /Users/raphaelkolhaupt/Documents/ADesktop/Informatik17_18/ITM/Abgabe3/itm_skeleton_a3_SS17/assignment3/webapps/itm/media/md/b17maartent1427.jpg.png
converted /Users/raphaelkolhaupt/Documents/ADesktop/Informatik17_18/ITM/Abgabe3/itm_skeleton_a3_SS17/assignment3/webapps/itm/media/img/b1murene.gif to /Users/raphaelkolhaupt/Documents/ADesktop/Informatik17_18/ITM/Abgabe3/itm_skeleton_a3_SS17/assignment3/webapps/itm/media/md/b1murene.gif.png
converted /Users/raphaelkolhaupt/Documents/ADesktop/Informatik17_18/ITM/Abgabe3/itm_skeleton_a3_SS17/assignment3/webapps/itm/media/img/b1murene.jpg to /Users/raphaelkolhaupt/Documents/ADesktop/Informatik17_18/ITM/Abgabe3/itm_skeleton_a3_SS17/assignment3/webapps/itm/media/md/b1murene.jpg.png
converted /Users/raphaelkolhaupt/Documents/ADesktop/Informatik17_18/ITM/Abgabe3/itm_skeleton_a3_SS17/assignment3/webapps/itm/media/img/b1shell008.jpg to /Users/raphaelkolhaupt/Documents/ADesktop/Informatik17_18/ITM/Abgabe3/itm_skeleton_a3_SS17/assignment3/webapps/itm/media/md/b1shell008.jpg.png
converted /Users/raphaelkolhaupt/Documents/ADesktop/Informatik17_18/ITM/Abgabe3/itm_skeleton_a3_SS17/assignment3/webapps/itm/media/img/b20nature_plants245.jpg to /Users/raphaelkolhaupt/Documents/ADesktop/Informatik17_18/ITM/Abgabe3/itm_skeleton_a3_SS17/assignment3/webapps/itm/media/md/b20nature_plants245.jpg.png
converted /Users/raphaelkolhaupt/Documents/ADesktop/Informatik17_18/ITM/Abgabe3/itm_skeleton_a3_SS17/assignment3/webapps/itm/media/img/b2seaanimals005.jpg to /Users/raphaelkolhaupt/Documents/ADesktop/Informatik17_18/ITM/Abgabe3/itm_skeleton_a3_SS17/assignment3/webapps/itm/media/md/b2seaanimals005.jpg.png
converted /Users/raphaelkolhaupt/Documents/ADesktop/Informatik17_18/ITM/Abgabe3/itm_skeleton_a3_SS17/assignment3/webapps/itm/media/img/b3_seaanimals014.jpg to /Users/raphaelkolhaupt/Documents/ADesktop/Informatik17_18/ITM/Abgabe3/itm_skeleton_a3_SS17/assignment3/webapps/itm/media/md/b3_seaanimals014.jpg.png
converted /Users/raphaelkolhaupt/Documents/ADesktop/Informatik17_18/ITM/Abgabe3/itm_skeleton_a3_SS17/assignment3/webapps/itm/media/img/b9nature_plants064.jpg to /Users/raphaelkolhaupt/Documents/ADesktop/Informatik17_18/ITM/Abgabe3/itm_skeleton_a3_SS17/assignment3/webapps/itm/media/md/b9nature_plants064.jpg.png
converted /Users/raphaelkolhaupt/Documents/ADesktop/Informatik17_18/ITM/Abgabe3/itm_skeleton_a3_SS17/assignment3/webapps/itm/media/img/blue_sky4m.JPG to /Users/raphaelkolhaupt/Documents/ADesktop/Informatik17_18/ITM/Abgabe3/itm_skeleton_a3_SS17/assignment3/webapps/itm/media/md/blue_sky4m.JPG.png
converted /Users/raphaelkolhaupt/Documents/ADesktop/Informatik17_18/ITM/Abgabe3/itm_skeleton_a3_SS17/assignment3/webapps/itm/media/img/blue_sky5m.JPG to /Users/raphaelkolhaupt/Documents/ADesktop/Informatik17_18/ITM/Abgabe3/itm_skeleton_a3_SS17/assignment3/webapps/itm/media/md/blue_sky5m.JPG.png
converted /Users/raphaelkolhaupt/Documents/ADesktop/Informatik17_18/ITM/Abgabe3/itm_skeleton_a3_SS17/assignment3/webapps/itm/media/img/elephant14m.JPG to /Users/raphaelkolhaupt/Documents/ADesktop/Informatik17_18/ITM/Abgabe3/itm_skeleton_a3_SS17/assignment3/webapps/itm/media/md/elephant14m.JPG.png
converted /Users/raphaelkolhaupt/Documents/ADesktop/Informatik17_18/ITM/Abgabe3/itm_skeleton_a3_SS17/assignment3/webapps/itm/media/img/elephant14m.png to /Users/raphaelkolhaupt/Documents/ADesktop/Informatik17_18/ITM/Abgabe3/itm_skeleton_a3_SS17/assignment3/webapps/itm/media/md/elephant14m.png.png
converted /Users/raphaelkolhaupt/Documents/ADesktop/Informatik17_18/ITM/Abgabe3/itm_skeleton_a3_SS17/assignment3/webapps/itm/media/img/peafowl_picture1.JPG to /Users/raphaelkolhaupt/Documents/ADesktop/Informatik17_18/ITM/Abgabe3/itm_skeleton_a3_SS17/assignment3/webapps/itm/media/md/peafowl_picture1.JPG.png
converted /Users/raphaelkolhaupt/Documents/ADesktop/Informatik17_18/ITM/Abgabe3/itm_skeleton_a3_SS17/assignment3/webapps/itm/media/img/picture_of_coati.JPG to /Users/raphaelkolhaupt/Documents/ADesktop/Informatik17_18/ITM/Abgabe3/itm_skeleton_a3_SS17/assignment3/webapps/itm/media/md/picture_of_coati.JPG.png
converted /Users/raphaelkolhaupt/Documents/ADesktop/Informatik17_18/ITM/Abgabe3/itm_skeleton_a3_SS17/assignment3/webapps/itm/media/img/picture_of_coati_dithered.png to /Users/raphaelkolhaupt/Documents/ADesktop/Informatik17_18/ITM/Abgabe3/itm_skeleton_a3_SS17/assignment3/webapps/itm/media/md/picture_of_coati_dithered.png.png
converted /Users/raphaelkolhaupt/Documents/ADesktop/Informatik17_18/ITM/Abgabe3/itm_skeleton_a3_SS17/assignment3/webapps/itm/media/img/picture_of_goat11.JPG to /Users/raphaelkolhaupt/Documents/ADesktop/Informatik17_18/ITM/Abgabe3/itm_skeleton_a3_SS17/assignment3/webapps/itm/media/md/picture_of_goat11.JPG.png
converted /Users/raphaelkolhaupt/Documents/ADesktop/Informatik17_18/ITM/Abgabe3/itm_skeleton_a3_SS17/assignment3/webapps/itm/media/img/the_real_firefox.png to /Users/raphaelkolhaupt/Documents/ADesktop/Informatik17_18/ITM/Abgabe3/itm_skeleton_a3_SS17/assignment3/webapps/itm/media/md/the_real_firefox.png.png
converted /Users/raphaelkolhaupt/Documents/ADesktop/Informatik17_18/ITM/Abgabe3/itm_skeleton_a3_SS17/assignment3/webapps/itm/media/img/the_real_firefox_dithered.bmp to /Users/raphaelkolhaupt/Documents/ADesktop/Informatik17_18/ITM/Abgabe3/itm_skeleton_a3_SS17/assignment3/webapps/itm/media/md/the_real_firefox_dithered.bmp.png
converted /Users/raphaelkolhaupt/Documents/ADesktop/Informatik17_18/ITM/Abgabe3/itm_skeleton_a3_SS17/assignment3/webapps/itm/media/img/underwater_rugby.JPG to /Users/raphaelkolhaupt/Documents/ADesktop/Informatik17_18/ITM/Abgabe3/itm_skeleton_a3_SS17/assignment3/webapps/itm/media/md/underwater_rugby.JPG.png
converted /Users/raphaelkolhaupt/Documents/ADesktop/Informatik17_18/ITM/Abgabe3/itm_skeleton_a3_SS17/assignment3/webapps/itm/media/img/zebra3m.JPG to /Users/raphaelkolhaupt/Documents/ADesktop/Informatik17_18/ITM/Abgabe3/itm_skeleton_a3_SS17/assignment3/webapps/itm/media/md/zebra3m.JPG.png
Error converting /Users/raphaelkolhaupt/Documents/ADesktop/Informatik17_18/ITM/Abgabe3/itm_skeleton_a3_SS17/assignment3/webapps/itm/media/img : java.io.IOException: Could not determine what object to create from filename extension ds_store
converted /Users/raphaelkolhaupt/Documents/ADesktop/Informatik17_18/ITM/Abgabe3/itm_skeleton_a3_SS17/assignment3/webapps/itm/media/img/b17barb026.jpg to /Users/raphaelkolhaupt/Documents/ADesktop/Informatik17_18/ITM/Abgabe3/itm_skeleton_a3_SS17/assignment3/webapps/itm/media/md
converted /Users/raphaelkolhaupt/Documents/ADesktop/Informatik17_18/ITM/Abgabe3/itm_skeleton_a3_SS17/assignment3/webapps/itm/media/img/b17barb026_dithered.gif to /Users/raphaelkolhaupt/Documents/ADesktop/Informatik17_18/ITM/Abgabe3/itm_skeleton_a3_SS17/assignment3/webapps/itm/media/md
converted /Users/raphaelkolhaupt/Documents/ADesktop/Informatik17_18/ITM/Abgabe3/itm_skeleton_a3_SS17/assignment3/webapps/itm/media/img/b17maartent1427.gif to /Users/raphaelkolhaupt/Documents/ADesktop/Informatik17_18/ITM/Abgabe3/itm_skeleton_a3_SS17/assignment3/webapps/itm/media/md
converted /Users/raphaelkolhaupt/Documents/ADesktop/Informatik17_18/ITM/Abgabe3/itm_skeleton_a3_SS17/assignment3/webapps/itm/media/img/b17maartent1427.jpg to /Users/raphaelkolhaupt/Documents/ADesktop/Informatik17_18/ITM/Abgabe3/itm_skeleton_a3_SS17/assignment3/webapps/itm/media/md
converted /Users/raphaelkolhaupt/Documents/ADesktop/Informatik17_18/ITM/Abgabe3/itm_skeleton_a3_SS17/assignment3/webapps/itm/media/img/b1murene.gif to /Users/raphaelkolhaupt/Documents/ADesktop/Informatik17_18/ITM/Abgabe3/itm_skeleton_a3_SS17/assignment3/webapps/itm/media/md
converted /Users/raphaelkolhaupt/Documents/ADesktop/Informatik17_18/ITM/Abgabe3/itm_skeleton_a3_SS17/assignment3/webapps/itm/media/img/b1murene.jpg to /Users/raphaelkolhaupt/Documents/ADesktop/Informatik17_18/ITM/Abgabe3/itm_skeleton_a3_SS17/assignment3/webapps/itm/media/md
converted /Users/raphaelkolhaupt/Documents/ADesktop/Informatik17_18/ITM/Abgabe3/itm_skeleton_a3_SS17/assignment3/webapps/itm/media/img/b1shell008.jpg to /Users/raphaelkolhaupt/Documents/ADesktop/Informatik17_18/ITM/Abgabe3/itm_skeleton_a3_SS17/assignment3/webapps/itm/media/md
converted /Users/raphaelkolhaupt/Documents/ADesktop/Informatik17_18/ITM/Abgabe3/itm_skeleton_a3_SS17/assignment3/webapps/itm/media/img/b20nature_plants245.jpg to /Users/raphaelkolhaupt/Documents/ADesktop/Informatik17_18/ITM/Abgabe3/itm_skeleton_a3_SS17/assignment3/webapps/itm/media/md
converted /Users/raphaelkolhaupt/Documents/ADesktop/Informatik17_18/ITM/Abgabe3/itm_skeleton_a3_SS17/assignment3/webapps/itm/media/img/b2seaanimals005.jpg to /Users/raphaelkolhaupt/Documents/ADesktop/Informatik17_18/ITM/Abgabe3/itm_skeleton_a3_SS17/assignment3/webapps/itm/media/md
converted /Users/raphaelkolhaupt/Documents/ADesktop/Informatik17_18/ITM/Abgabe3/itm_skeleton_a3_SS17/assignment3/webapps/itm/media/img/b3_seaanimals014.jpg to /Users/raphaelkolhaupt/Documents/ADesktop/Informatik17_18/ITM/Abgabe3/itm_skeleton_a3_SS17/assignment3/webapps/itm/media/md
converted /Users/raphaelkolhaupt/Documents/ADesktop/Informatik17_18/ITM/Abgabe3/itm_skeleton_a3_SS17/assignment3/webapps/itm/media/img/b9nature_plants064.jpg to /Users/raphaelkolhaupt/Documents/ADesktop/Informatik17_18/ITM/Abgabe3/itm_skeleton_a3_SS17/assignment3/webapps/itm/media/md
converted /Users/raphaelkolhaupt/Documents/ADesktop/Informatik17_18/ITM/Abgabe3/itm_skeleton_a3_SS17/assignment3/webapps/itm/media/img/blue_sky4m.JPG to /Users/raphaelkolhaupt/Documents/ADesktop/Informatik17_18/ITM/Abgabe3/itm_skeleton_a3_SS17/assignment3/webapps/itm/media/md
converted /Users/raphaelkolhaupt/Documents/ADesktop/Informatik17_18/ITM/Abgabe3/itm_skeleton_a3_SS17/assignment3/webapps/itm/media/img/blue_sky5m.JPG to /Users/raphaelkolhaupt/Documents/ADesktop/Informatik17_18/ITM/Abgabe3/itm_skeleton_a3_SS17/assignment3/webapps/itm/media/md
converted /Users/raphaelkolhaupt/Documents/ADesktop/Informatik17_18/ITM/Abgabe3/itm_skeleton_a3_SS17/assignment3/webapps/itm/media/img/elephant14m.JPG to /Users/raphaelkolhaupt/Documents/ADesktop/Informatik17_18/ITM/Abgabe3/itm_skeleton_a3_SS17/assignment3/webapps/itm/media/md
converted /Users/raphaelkolhaupt/Documents/ADesktop/Informatik17_18/ITM/Abgabe3/itm_skeleton_a3_SS17/assignment3/webapps/itm/media/img/elephant14m.png to /Users/raphaelkolhaupt/Documents/ADesktop/Informatik17_18/ITM/Abgabe3/itm_skeleton_a3_SS17/assignment3/webapps/itm/media/md
converted /Users/raphaelkolhaupt/Documents/ADesktop/Informatik17_18/ITM/Abgabe3/itm_skeleton_a3_SS17/assignment3/webapps/itm/media/img/peafowl_picture1.JPG to /Users/raphaelkolhaupt/Documents/ADesktop/Informatik17_18/ITM/Abgabe3/itm_skeleton_a3_SS17/assignment3/webapps/itm/media/md
converted /Users/raphaelkolhaupt/Documents/ADesktop/Informatik17_18/ITM/Abgabe3/itm_skeleton_a3_SS17/assignment3/webapps/itm/media/img/picture_of_coati.JPG to /Users/raphaelkolhaupt/Documents/ADesktop/Informatik17_18/ITM/Abgabe3/itm_skeleton_a3_SS17/assignment3/webapps/itm/media/md
converted /Users/raphaelkolhaupt/Documents/ADesktop/Informatik17_18/ITM/Abgabe3/itm_skeleton_a3_SS17/assignment3/webapps/itm/media/img/picture_of_coati_dithered.png to /Users/raphaelkolhaupt/Documents/ADesktop/Informatik17_18/ITM/Abgabe3/itm_skeleton_a3_SS17/assignment3/webapps/itm/media/md
converted /Users/raphaelkolhaupt/Documents/ADesktop/Informatik17_18/ITM/Abgabe3/itm_skeleton_a3_SS17/assignment3/webapps/itm/media/img/picture_of_goat11.JPG to /Users/raphaelkolhaupt/Documents/ADesktop/Informatik17_18/ITM/Abgabe3/itm_skeleton_a3_SS17/assignment3/webapps/itm/media/md
converted /Users/raphaelkolhaupt/Documents/ADesktop/Informatik17_18/ITM/Abgabe3/itm_skeleton_a3_SS17/assignment3/webapps/itm/media/img/the_real_firefox.png to /Users/raphaelkolhaupt/Documents/ADesktop/Informatik17_18/ITM/Abgabe3/itm_skeleton_a3_SS17/assignment3/webapps/itm/media/md
converted /Users/raphaelkolhaupt/Documents/ADesktop/Informatik17_18/ITM/Abgabe3/itm_skeleton_a3_SS17/assignment3/webapps/itm/media/img/the_real_firefox_dithered.bmp to /Users/raphaelkolhaupt/Documents/ADesktop/Informatik17_18/ITM/Abgabe3/itm_skeleton_a3_SS17/assignment3/webapps/itm/media/md
converted /Users/raphaelkolhaupt/Documents/ADesktop/Informatik17_18/ITM/Abgabe3/itm_skeleton_a3_SS17/assignment3/webapps/itm/media/img/underwater_rugby.JPG to /Users/raphaelkolhaupt/Documents/ADesktop/Informatik17_18/ITM/Abgabe3/itm_skeleton_a3_SS17/assignment3/webapps/itm/media/md
converted /Users/raphaelkolhaupt/Documents/ADesktop/Informatik17_18/ITM/Abgabe3/itm_skeleton_a3_SS17/assignment3/webapps/itm/media/img/zebra3m.JPG to /Users/raphaelkolhaupt/Documents/ADesktop/Informatik17_18/ITM/Abgabe3/itm_skeleton_a3_SS17/assignment3/webapps/itm/media/md
Error converting /Users/raphaelkolhaupt/Documents/ADesktop/Informatik17_18/ITM/Abgabe3/itm_skeleton_a3_SS17/assignment3/webapps/itm/media/img : java.lang.NullPointerException
converted /Users/raphaelkolhaupt/Documents/ADesktop/Informatik17_18/ITM/Abgabe3/itm_skeleton_a3_SS17/assignment3/webapps/itm/media/img/b17barb026.jpg to /Users/raphaelkolhaupt/Documents/ADesktop/Informatik17_18/ITM/Abgabe3/itm_skeleton_a3_SS17/assignment3/webapps/itm/media/md/b17barb026.jpg.hist.png
converted /Users/raphaelkolhaupt/Documents/ADesktop/Informatik17_18/ITM/Abgabe3/itm_skeleton_a3_SS17/assignment3/webapps/itm/media/img/b17barb026_dithered.gif to /Users/raphaelkolhaupt/Documents/ADesktop/Informatik17_18/ITM/Abgabe3/itm_skeleton_a3_SS17/assignment3/webapps/itm/media/md/b17barb026_dithered.gif.hist.png
converted /Users/raphaelkolhaupt/Documents/ADesktop/Informatik17_18/ITM/Abgabe3/itm_skeleton_a3_SS17/assignment3/webapps/itm/media/img/b17maartent1427.gif to /Users/raphaelkolhaupt/Documents/ADesktop/Informatik17_18/ITM/Abgabe3/itm_skeleton_a3_SS17/assignment3/webapps/itm/media/md/b17maartent1427.gif.hist.png
converted /Users/raphaelkolhaupt/Documents/ADesktop/Informatik17_18/ITM/Abgabe3/itm_skeleton_a3_SS17/assignment3/webapps/itm/media/img/b17maartent1427.jpg to /Users/raphaelkolhaupt/Documents/ADesktop/Informatik17_18/ITM/Abgabe3/itm_skeleton_a3_SS17/assignment3/webapps/itm/media/md/b17maartent1427.jpg.hist.png
converted /Users/raphaelkolhaupt/Documents/ADesktop/Informatik17_18/ITM/Abgabe3/itm_skeleton_a3_SS17/assignment3/webapps/itm/media/img/b1murene.gif to /Users/raphaelkolhaupt/Documents/ADesktop/Informatik17_18/ITM/Abgabe3/itm_skeleton_a3_SS17/assignment3/webapps/itm/media/md/b1murene.gif.hist.png
converted /Users/raphaelkolhaupt/Documents/ADesktop/Informatik17_18/ITM/Abgabe3/itm_skeleton_a3_SS17/assignment3/webapps/itm/media/img/b1murene.jpg to /Users/raphaelkolhaupt/Documents/ADesktop/Informatik17_18/ITM/Abgabe3/itm_skeleton_a3_SS17/assignment3/webapps/itm/media/md/b1murene.jpg.hist.png
converted /Users/raphaelkolhaupt/Documents/ADesktop/Informatik17_18/ITM/Abgabe3/itm_skeleton_a3_SS17/assignment3/webapps/itm/media/img/b1shell008.jpg to /Users/raphaelkolhaupt/Documents/ADesktop/Informatik17_18/ITM/Abgabe3/itm_skeleton_a3_SS17/assignment3/webapps/itm/media/md/b1shell008.jpg.hist.png
converted /Users/raphaelkolhaupt/Documents/ADesktop/Informatik17_18/ITM/Abgabe3/itm_skeleton_a3_SS17/assignment3/webapps/itm/media/img/b20nature_plants245.jpg to /Users/raphaelkolhaupt/Documents/ADesktop/Informatik17_18/ITM/Abgabe3/itm_skeleton_a3_SS17/assignment3/webapps/itm/media/md/b20nature_plants245.jpg.hist.png
converted /Users/raphaelkolhaupt/Documents/ADesktop/Informatik17_18/ITM/Abgabe3/itm_skeleton_a3_SS17/assignment3/webapps/itm/media/img/b2seaanimals005.jpg to /Users/raphaelkolhaupt/Documents/ADesktop/Informatik17_18/ITM/Abgabe3/itm_skeleton_a3_SS17/assignment3/webapps/itm/media/md/b2seaanimals005.jpg.hist.png
converted /Users/raphaelkolhaupt/Documents/ADesktop/Informatik17_18/ITM/Abgabe3/itm_skeleton_a3_SS17/assignment3/webapps/itm/media/img/b3_seaanimals014.jpg to /Users/raphaelkolhaupt/Documents/ADesktop/Informatik17_18/ITM/Abgabe3/itm_skeleton_a3_SS17/assignment3/webapps/itm/media/md/b3_seaanimals014.jpg.hist.png
converted /Users/raphaelkolhaupt/Documents/ADesktop/Informatik17_18/ITM/Abgabe3/itm_skeleton_a3_SS17/assignment3/webapps/itm/media/img/b9nature_plants064.jpg to /Users/raphaelkolhaupt/Documents/ADesktop/Informatik17_18/ITM/Abgabe3/itm_skeleton_a3_SS17/assignment3/webapps/itm/media/md/b9nature_plants064.jpg.hist.png
converted /Users/raphaelkolhaupt/Documents/ADesktop/Informatik17_18/ITM/Abgabe3/itm_skeleton_a3_SS17/assignment3/webapps/itm/media/img/blue_sky4m.JPG to /Users/raphaelkolhaupt/Documents/ADesktop/Informatik17_18/ITM/Abgabe3/itm_skeleton_a3_SS17/assignment3/webapps/itm/media/md/blue_sky4m.JPG.hist.png
converted /Users/raphaelkolhaupt/Documents/ADesktop/Informatik17_18/ITM/Abgabe3/itm_skeleton_a3_SS17/assignment3/webapps/itm/media/img/blue_sky5m.JPG to /Users/raphaelkolhaupt/Documents/ADesktop/Informatik17_18/ITM/Abgabe3/itm_skeleton_a3_SS17/assignment3/webapps/itm/media/md/blue_sky5m.JPG.hist.png
converted /Users/raphaelkolhaupt/Documents/ADesktop/Informatik17_18/ITM/Abgabe3/itm_skeleton_a3_SS17/assignment3/webapps/itm/media/img/elephant14m.JPG to /Users/raphaelkolhaupt/Documents/ADesktop/Informatik17_18/ITM/Abgabe3/itm_skeleton_a3_SS17/assignment3/webapps/itm/media/md/elephant14m.JPG.hist.png
converted /Users/raphaelkolhaupt/Documents/ADesktop/Informatik17_18/ITM/Abgabe3/itm_skeleton_a3_SS17/assignment3/webapps/itm/media/img/elephant14m.png to /Users/raphaelkolhaupt/Documents/ADesktop/Informatik17_18/ITM/Abgabe3/itm_skeleton_a3_SS17/assignment3/webapps/itm/media/md/elephant14m.png.hist.png
converted /Users/raphaelkolhaupt/Documents/ADesktop/Informatik17_18/ITM/Abgabe3/itm_skeleton_a3_SS17/assignment3/webapps/itm/media/img/peafowl_picture1.JPG to /Users/raphaelkolhaupt/Documents/ADesktop/Informatik17_18/ITM/Abgabe3/itm_skeleton_a3_SS17/assignment3/webapps/itm/media/md/peafowl_picture1.JPG.hist.png
converted /Users/raphaelkolhaupt/Documents/ADesktop/Informatik17_18/ITM/Abgabe3/itm_skeleton_a3_SS17/assignment3/webapps/itm/media/img/picture_of_coati.JPG to /Users/raphaelkolhaupt/Documents/ADesktop/Informatik17_18/ITM/Abgabe3/itm_skeleton_a3_SS17/assignment3/webapps/itm/media/md/picture_of_coati.JPG.hist.png
converted /Users/raphaelkolhaupt/Documents/ADesktop/Informatik17_18/ITM/Abgabe3/itm_skeleton_a3_SS17/assignment3/webapps/itm/media/img/picture_of_coati_dithered.png to /Users/raphaelkolhaupt/Documents/ADesktop/Informatik17_18/ITM/Abgabe3/itm_skeleton_a3_SS17/assignment3/webapps/itm/media/md/picture_of_coati_dithered.png.hist.png
converted /Users/raphaelkolhaupt/Documents/ADesktop/Informatik17_18/ITM/Abgabe3/itm_skeleton_a3_SS17/assignment3/webapps/itm/media/img/picture_of_goat11.JPG to /Users/raphaelkolhaupt/Documents/ADesktop/Informatik17_18/ITM/Abgabe3/itm_skeleton_a3_SS17/assignment3/webapps/itm/media/md/picture_of_goat11.JPG.hist.png
converted /Users/raphaelkolhaupt/Documents/ADesktop/Informatik17_18/ITM/Abgabe3/itm_skeleton_a3_SS17/assignment3/webapps/itm/media/img/the_real_firefox.png to /Users/raphaelkolhaupt/Documents/ADesktop/Informatik17_18/ITM/Abgabe3/itm_skeleton_a3_SS17/assignment3/webapps/itm/media/md/the_real_firefox.png.hist.png
converted /Users/raphaelkolhaupt/Documents/ADesktop/Informatik17_18/ITM/Abgabe3/itm_skeleton_a3_SS17/assignment3/webapps/itm/media/img/the_real_firefox_dithered.bmp to /Users/raphaelkolhaupt/Documents/ADesktop/Informatik17_18/ITM/Abgabe3/itm_skeleton_a3_SS17/assignment3/webapps/itm/media/md/the_real_firefox_dithered.bmp.hist.png
converted /Users/raphaelkolhaupt/Documents/ADesktop/Informatik17_18/ITM/Abgabe3/itm_skeleton_a3_SS17/assignment3/webapps/itm/media/img/underwater_rugby.JPG to /Users/raphaelkolhaupt/Documents/ADesktop/Informatik17_18/ITM/Abgabe3/itm_skeleton_a3_SS17/assignment3/webapps/itm/media/md/underwater_rugby.JPG.hist.png
converted /Users/raphaelkolhaupt/Documents/ADesktop/Informatik17_18/ITM/Abgabe3/itm_skeleton_a3_SS17/assignment3/webapps/itm/media/img/zebra3m.JPG to /Users/raphaelkolhaupt/Documents/ADesktop/Informatik17_18/ITM/Abgabe3/itm_skeleton_a3_SS17/assignment3/webapps/itm/media/md/zebra3m.JPG.hist.png
converted /Users/raphaelkolhaupt/Documents/ADesktop/Informatik17_18/ITM/Abgabe3/itm_skeleton_a3_SS17/assignment3/webapps/itm/media/audio/Amazon.mp3 to /Users/raphaelkolhaupt/Documents/ADesktop/Informatik17_18/ITM/Abgabe3/itm_skeleton_a3_SS17/assignment3/webapps/itm/media/md/Amazon.mp3.wav
converted /Users/raphaelkolhaupt/Documents/ADesktop/Informatik17_18/ITM/Abgabe3/itm_skeleton_a3_SS17/assignment3/webapps/itm/media/audio/DashTheCurry[Skit].mp3 to /Users/raphaelkolhaupt/Documents/ADesktop/Informatik17_18/ITM/Abgabe3/itm_skeleton_a3_SS17/assignment3/webapps/itm/media/md/DashTheCurry[Skit].mp3.wav
converted /Users/raphaelkolhaupt/Documents/ADesktop/Informatik17_18/ITM/Abgabe3/itm_skeleton_a3_SS17/assignment3/webapps/itm/media/audio/error.wav to /Users/raphaelkolhaupt/Documents/ADesktop/Informatik17_18/ITM/Abgabe3/itm_skeleton_a3_SS17/assignment3/webapps/itm/media/md/error.wav.wav
converted /Users/raphaelkolhaupt/Documents/ADesktop/Informatik17_18/ITM/Abgabe3/itm_skeleton_a3_SS17/assignment3/webapps/itm/media/audio/FireFire.mp3 to /Users/raphaelkolhaupt/Documents/ADesktop/Informatik17_18/ITM/Abgabe3/itm_skeleton_a3_SS17/assignment3/webapps/itm/media/md/FireFire.mp3.wav
converted /Users/raphaelkolhaupt/Documents/ADesktop/Informatik17_18/ITM/Abgabe3/itm_skeleton_a3_SS17/assignment3/webapps/itm/media/audio/Hombre.mp3 to /Users/raphaelkolhaupt/Documents/ADesktop/Informatik17_18/ITM/Abgabe3/itm_skeleton_a3_SS17/assignment3/webapps/itm/media/md/Hombre.mp3.wav
Audio loaded: Amazon.mp3
created metadata for file /Users/raphaelkolhaupt/Documents/ADesktop/Informatik17_18/ITM/Abgabe3/itm_skeleton_a3_SS17/assignment3/webapps/itm/media/audio/Amazon.mp3 in /Users/raphaelkolhaupt/Documents/ADesktop/Informatik17_18/ITM/Abgabe3/itm_skeleton_a3_SS17/assignment3/webapps/itm/media/md
Audio loaded: DashTheCurry[Skit].mp3
created metadata for file /Users/raphaelkolhaupt/Documents/ADesktop/Informatik17_18/ITM/Abgabe3/itm_skeleton_a3_SS17/assignment3/webapps/itm/media/audio/DashTheCurry[Skit].mp3 in /Users/raphaelkolhaupt/Documents/ADesktop/Informatik17_18/ITM/Abgabe3/itm_skeleton_a3_SS17/assignment3/webapps/itm/media/md
Audio loaded: error.wav
created metadata for file /Users/raphaelkolhaupt/Documents/ADesktop/Informatik17_18/ITM/Abgabe3/itm_skeleton_a3_SS17/assignment3/webapps/itm/media/audio/error.wav in /Users/raphaelkolhaupt/Documents/ADesktop/Informatik17_18/ITM/Abgabe3/itm_skeleton_a3_SS17/assignment3/webapps/itm/media/md
Audio loaded: FireFire.mp3
created metadata for file /Users/raphaelkolhaupt/Documents/ADesktop/Informatik17_18/ITM/Abgabe3/itm_skeleton_a3_SS17/assignment3/webapps/itm/media/audio/FireFire.mp3 in /Users/raphaelkolhaupt/Documents/ADesktop/Informatik17_18/ITM/Abgabe3/itm_skeleton_a3_SS17/assignment3/webapps/itm/media/md
Audio loaded: Hombre.mp3
created metadata for file /Users/raphaelkolhaupt/Documents/ADesktop/Informatik17_18/ITM/Abgabe3/itm_skeleton_a3_SS17/assignment3/webapps/itm/media/audio/Hombre.mp3 in /Users/raphaelkolhaupt/Documents/ADesktop/Informatik17_18/ITM/Abgabe3/itm_skeleton_a3_SS17/assignment3/webapps/itm/media/md
processed file /Users/raphaelkolhaupt/Documents/ADesktop/Informatik17_18/ITM/Abgabe3/itm_skeleton_a3_SS17/assignment3/webapps/itm/media/video/DREIZEHN.AVI to /Users/raphaelkolhaupt/Documents/ADesktop/Informatik17_18/ITM/Abgabe3/itm_skeleton_a3_SS17/assignment3/webapps/itm/media/md
2018-01-05 13:01:03,705 [http-nio-8080-exec-2] DEBUG com.xuggle.xuggler - error: input frame height does not match expected value (../../../../../../../csrc/com/xuggle/xuggler/VideoResampler.cpp:166)
Error processing file /Users/raphaelkolhaupt/Documents/ADesktop/Informatik17_18/ITM/Abgabe3/itm_skeleton_a3_SS17/assignment3/webapps/itm/media/video : java.lang.RuntimeException: could not resample from BGR24 to YUV420P for picture of type BGR24
2018-01-05 13:01:03,724 [http-nio-8080-exec-2] ERROR org.ffmpeg - [mp3 @ 0x7fbd6ae07c00] Header missing
2018-01-05 13:01:03,819 [Finalizer] DEBUG com.xuggle.xuggler - Closing dangling Container (../../../../../../../csrc/com/xuggle/xuggler/Container.cpp:146)
2018-01-05 13:01:03,821 [Finalizer] ERROR com.xuggle.xuggler - Disposing of dangling container but could not write trailer (../../../../../../../csrc/com/xuggle/xuggler/Container.cpp:564)
2018-01-05 13:01:03,821 [Finalizer] DEBUG com.xuggle.xuggler - Closing dangling StreamCoder (../../../../../../../csrc/com/xuggle/xuggler/StreamCoder.cpp:96)
2018-01-05 13:01:11,714 [http-nio-8080-exec-2] DEBUG com.xuggle.xuggler - error: input frame height does not match expected value (../../../../../../../csrc/com/xuggle/xuggler/VideoResampler.cpp:166)
Error processing file /Users/raphaelkolhaupt/Documents/ADesktop/Informatik17_18/ITM/Abgabe3/itm_skeleton_a3_SS17/assignment3/webapps/itm/media/video : java.lang.RuntimeException: could not resample from BGR24 to YUV420P for picture of type BGR24
created metadata for file /Users/raphaelkolhaupt/Documents/ADesktop/Informatik17_18/ITM/Abgabe3/itm_skeleton_a3_SS17/assignment3/webapps/itm/media/video/DREIZEHN.AVI in /Users/raphaelkolhaupt/Documents/ADesktop/Informatik17_18/ITM/Abgabe3/itm_skeleton_a3_SS17/assignment3/webapps/itm/media/md
created metadata for file /Users/raphaelkolhaupt/Documents/ADesktop/Informatik17_18/ITM/Abgabe3/itm_skeleton_a3_SS17/assignment3/webapps/itm/media/video/dutch.asf in /Users/raphaelkolhaupt/Documents/ADesktop/Informatik17_18/ITM/Abgabe3/itm_skeleton_a3_SS17/assignment3/webapps/itm/media/md
2018-01-05 13:01:11,737 [http-nio-8080-exec-2] ERROR org.ffmpeg - [mp3 @ 0x7fbd6a2fe400] Header missing
created metadata for file /Users/raphaelkolhaupt/Documents/ADesktop/Informatik17_18/ITM/Abgabe3/itm_skeleton_a3_SS17/assignment3/webapps/itm/media/video/panda.avi in /Users/raphaelkolhaupt/Documents/ADesktop/Informatik17_18/ITM/Abgabe3/itm_skeleton_a3_SS17/assignment3/webapps/itm/media/md
2018-01-05 13:01:20,540 [Finalizer] DEBUG com.xuggle.xuggler - Closing dangling Container (../../../../../../../csrc/com/xuggle/xuggler/Container.cpp:146)
2018-01-05 13:01:20,541 [Finalizer] DEBUG com.xuggle.xuggler - Closing dangling Container (../../../../../../../csrc/com/xuggle/xuggler/Container.cpp:146)
2018-01-05 13:01:20,541 [Finalizer] DEBUG com.xuggle.xuggler - Closing dangling Container (../../../../../../../csrc/com/xuggle/xuggler/Container.cpp:146)
2018-01-05 13:01:20,542 [Finalizer] DEBUG com.xuggle.xuggler - Closing dangling Container (../../../../../../../csrc/com/xuggle/xuggler/Container.cpp:146)
2018-01-05 13:01:20,542 [Finalizer] ERROR com.xuggle.xuggler - Disposing of dangling container but could not write trailer (../../../../../../../csrc/com/xuggle/xuggler/Container.cpp:564)
2018-01-05 13:01:20,542 [Finalizer] DEBUG com.xuggle.xuggler - Closing dangling StreamCoder (../../../../../../../csrc/com/xuggle/xuggler/StreamCoder.cpp:96)
05-Jan-2018 13:05:03.260 INFO [main] org.apache.catalina.core.StandardServer.await A valid shutdown command was received via the shutdown port. Stopping the Server instance.
05-Jan-2018 13:05:03.261 INFO [main] org.apache.coyote.AbstractProtocol.pause Pausing ProtocolHandler ["http-nio-8080"]
05-Jan-2018 13:05:03.324 INFO [main] org.apache.coyote.AbstractProtocol.pause Pausing ProtocolHandler ["ajp-nio-8009"]
05-Jan-2018 13:05:03.325 INFO [main] org.apache.catalina.core.StandardService.stopInternal Stopping service Catalina
05-Jan-2018 13:05:03.358 SEVERE [localhost-startStop-2] org.apache.catalina.loader.WebappClassLoaderBase.checkThreadLocalMapForLeaks The web application [itm] created a ThreadLocal with key of type [java.lang.ThreadLocal] (value [java.lang.ThreadLocal@34161bd0]) and a value of type [com.xuggle.ferry.JNIThreadProxy] (value [Thread[Thread-6,5,main]]) but failed to remove it when the web application was stopped. Threads are going to be renewed over time to try and avoid a probable memory leak.
05-Jan-2018 13:05:03.360 INFO [main] org.apache.coyote.AbstractProtocol.stop Stopping ProtocolHandler ["http-nio-8080"]
05-Jan-2018 13:05:03.365 INFO [main] org.apache.coyote.AbstractProtocol.stop Stopping ProtocolHandler ["ajp-nio-8009"]
05-Jan-2018 13:05:03.366 INFO [main] org.apache.coyote.AbstractProtocol.destroy Destroying ProtocolHandler ["http-nio-8080"]
05-Jan-2018 13:05:03.367 INFO [main] org.apache.coyote.AbstractProtocol.destroy Destroying ProtocolHandler ["ajp-nio-8009"]
05-Jan-2018 13:11:34.018 INFO [main] org.apache.catalina.startup.VersionLoggerListener.log Server version:        Apache Tomcat/9.0.0.M1
05-Jan-2018 13:11:34.022 INFO [main] org.apache.catalina.startup.VersionLoggerListener.log Server built:          Nov 12 2015 22:05:52 UTC
05-Jan-2018 13:11:34.023 INFO [main] org.apache.catalina.startup.VersionLoggerListener.log Server number:         9.0.0.0
05-Jan-2018 13:11:34.023 INFO [main] org.apache.catalina.startup.VersionLoggerListener.log OS Name:               Mac OS X
05-Jan-2018 13:11:34.023 INFO [main] org.apache.catalina.startup.VersionLoggerListener.log OS Version:            10.13.2
05-Jan-2018 13:11:34.024 INFO [main] org.apache.catalina.startup.VersionLoggerListener.log Architecture:          x86_64
05-Jan-2018 13:11:34.024 INFO [main] org.apache.catalina.startup.VersionLoggerListener.log Java Home:             /Library/Java/JavaVirtualMachines/jdk1.8.0_152.jdk/Contents/Home/jre
05-Jan-2018 13:11:34.025 INFO [main] org.apache.catalina.startup.VersionLoggerListener.log JVM Version:           1.8.0_152-b16
05-Jan-2018 13:11:34.025 INFO [main] org.apache.catalina.startup.VersionLoggerListener.log JVM Vendor:            Oracle Corporation
05-Jan-2018 13:11:34.025 INFO [main] org.apache.catalina.startup.VersionLoggerListener.log CATALINA_BASE:         /Users/raphaelkolhaupt/Documents/ADesktop/Informatik17_18/ITM/Abgabe3/itm_skeleton_a3_SS17/assignment3/tools/tomcat/apache-tomcat-9.0.0.M1
05-Jan-2018 13:11:34.026 INFO [main] org.apache.catalina.startup.VersionLoggerListener.log CATALINA_HOME:         /Users/raphaelkolhaupt/Documents/ADesktop/Informatik17_18/ITM/Abgabe3/itm_skeleton_a3_SS17/assignment3/tools/tomcat/apache-tomcat-9.0.0.M1
05-Jan-2018 13:11:34.027 INFO [main] org.apache.catalina.startup.VersionLoggerListener.log Command line argument: -Djava.util.logging.config.file=tools/tomcat/apache-tomcat-9.0.0.M1/conf/logging.properties
05-Jan-2018 13:11:34.032 INFO [main] org.apache.catalina.startup.VersionLoggerListener.log Command line argument: -Djava.util.logging.manager=org.apache.juli.ClassLoaderLogManager
05-Jan-2018 13:11:34.032 INFO [main] org.apache.catalina.startup.VersionLoggerListener.log Command line argument: -Xmx512m
05-Jan-2018 13:11:34.032 INFO [main] org.apache.catalina.startup.VersionLoggerListener.log Command line argument: -Dcatalina.base=tools/tomcat/apache-tomcat-9.0.0.M1
05-Jan-2018 13:11:34.033 INFO [main] org.apache.catalina.startup.VersionLoggerListener.log Command line argument: -Dcatalina.home=/Users/raphaelkolhaupt/Documents/ADesktop/Informatik17_18/ITM/Abgabe3/itm_skeleton_a3_SS17/assignment3/tools/tomcat/apache-tomcat-9.0.0.M1
05-Jan-2018 13:11:34.033 INFO [main] org.apache.catalina.startup.VersionLoggerListener.log Command line argument: -Djava.io.tmpdir=/Users/raphaelkolhaupt/Documents/ADesktop/Informatik17_18/ITM/Abgabe3/itm_skeleton_a3_SS17/assignment3/tools/tomcat/apache-tomcat-9.0.0.M1/temp
05-Jan-2018 13:11:34.034 INFO [main] org.apache.catalina.core.AprLifecycleListener.lifecycleEvent The APR based Apache Tomcat Native library which allows optimal performance in production environments was not found on the java.library.path: /Users/raphaelkolhaupt/Library/Java/Extensions:/Library/Java/Extensions:/Network/Library/Java/Extensions:/System/Library/Java/Extensions:/usr/lib/java:.
05-Jan-2018 13:11:34.384 INFO [main] org.apache.coyote.AbstractProtocol.init Initializing ProtocolHandler ["http-nio-8080"]
05-Jan-2018 13:11:34.487 INFO [main] org.apache.tomcat.util.net.NioSelectorPool.getSharedSelector Using a shared selector for servlet write/read
05-Jan-2018 13:11:34.502 INFO [main] org.apache.coyote.AbstractProtocol.init Initializing ProtocolHandler ["ajp-nio-8009"]
05-Jan-2018 13:11:34.504 INFO [main] org.apache.tomcat.util.net.NioSelectorPool.getSharedSelector Using a shared selector for servlet write/read
05-Jan-2018 13:11:34.521 INFO [main] org.apache.catalina.startup.Catalina.load Initialization processed in 2675 ms
05-Jan-2018 13:11:34.577 INFO [main] org.apache.catalina.core.StandardService.startInternal Starting service Catalina
05-Jan-2018 13:11:34.579 INFO [main] org.apache.catalina.core.StandardEngine.startInternal Starting Servlet Engine: Apache Tomcat/9.0.0.M1
05-Jan-2018 13:11:34.600 INFO [localhost-startStop-1] org.apache.catalina.startup.HostConfig.deployDescriptor Deploying configuration descriptor /Users/raphaelkolhaupt/Documents/ADesktop/Informatik17_18/ITM/Abgabe3/itm_skeleton_a3_SS17/assignment3/tools/tomcat/apache-tomcat-9.0.0.M1/conf/Catalina/localhost/itm.xml
05-Jan-2018 13:11:34.657 WARNING [localhost-startStop-1] org.apache.catalina.startup.SetContextPropertiesRule.begin [SetContextPropertiesRule]{Context} Setting property 'debug' to '0' did not find a matching property.
05-Jan-2018 13:11:37.172 INFO [localhost-startStop-1] org.apache.jasper.servlet.TldScanner.scanJars At least one JAR was scanned for TLDs yet contained no TLDs. Enable debug logging for this logger for a complete list of JARs that were scanned but no TLDs were found in them. Skipping unneeded JARs during scanning can improve startup time and JSP compilation time.
05-Jan-2018 13:11:37.477 INFO [localhost-startStop-1] org.apache.catalina.startup.HostConfig.deployDescriptor Deployment of configuration descriptor /Users/raphaelkolhaupt/Documents/ADesktop/Informatik17_18/ITM/Abgabe3/itm_skeleton_a3_SS17/assignment3/tools/tomcat/apache-tomcat-9.0.0.M1/conf/Catalina/localhost/itm.xml has finished in 2,876 ms
05-Jan-2018 13:11:37.479 INFO [localhost-startStop-1] org.apache.catalina.startup.HostConfig.deployDirectory Deploying web application directory /Users/raphaelkolhaupt/Documents/ADesktop/Informatik17_18/ITM/Abgabe3/itm_skeleton_a3_SS17/assignment3/tools/tomcat/apache-tomcat-9.0.0.M1/webapps/ROOT
05-Jan-2018 13:11:37.523 INFO [localhost-startStop-1] org.apache.catalina.startup.HostConfig.deployDirectory Deployment of web application directory /Users/raphaelkolhaupt/Documents/ADesktop/Informatik17_18/ITM/Abgabe3/itm_skeleton_a3_SS17/assignment3/tools/tomcat/apache-tomcat-9.0.0.M1/webapps/ROOT has finished in 44 ms
05-Jan-2018 13:11:37.528 INFO [main] org.apache.coyote.AbstractProtocol.start Starting ProtocolHandler [http-nio-8080]
05-Jan-2018 13:11:37.536 INFO [main] org.apache.coyote.AbstractProtocol.start Starting ProtocolHandler [ajp-nio-8009]
05-Jan-2018 13:11:37.538 INFO [main] org.apache.catalina.startup.Catalina.start Server startup in 3016 ms
Error converting /Users/raphaelkolhaupt/Documents/ADesktop/Informatik17_18/ITM/Abgabe3/itm_skeleton_a3_SS17/assignment3/webapps/itm/media/img : java.lang.NullPointerException
converted /Users/raphaelkolhaupt/Documents/ADesktop/Informatik17_18/ITM/Abgabe3/itm_skeleton_a3_SS17/assignment3/webapps/itm/media/img/b17barb026.jpg to /Users/raphaelkolhaupt/Documents/ADesktop/Informatik17_18/ITM/Abgabe3/itm_skeleton_a3_SS17/assignment3/webapps/itm/media/md/b17barb026.jpg.png
converted /Users/raphaelkolhaupt/Documents/ADesktop/Informatik17_18/ITM/Abgabe3/itm_skeleton_a3_SS17/assignment3/webapps/itm/media/img/b17barb026_dithered.gif to /Users/raphaelkolhaupt/Documents/ADesktop/Informatik17_18/ITM/Abgabe3/itm_skeleton_a3_SS17/assignment3/webapps/itm/media/md/b17barb026_dithered.gif.png
converted /Users/raphaelkolhaupt/Documents/ADesktop/Informatik17_18/ITM/Abgabe3/itm_skeleton_a3_SS17/assignment3/webapps/itm/media/img/b17maartent1427.gif to /Users/raphaelkolhaupt/Documents/ADesktop/Informatik17_18/ITM/Abgabe3/itm_skeleton_a3_SS17/assignment3/webapps/itm/media/md/b17maartent1427.gif.png
converted /Users/raphaelkolhaupt/Documents/ADesktop/Informatik17_18/ITM/Abgabe3/itm_skeleton_a3_SS17/assignment3/webapps/itm/media/img/b17maartent1427.jpg to /Users/raphaelkolhaupt/Documents/ADesktop/Informatik17_18/ITM/Abgabe3/itm_skeleton_a3_SS17/assignment3/webapps/itm/media/md/b17maartent1427.jpg.png
converted /Users/raphaelkolhaupt/Documents/ADesktop/Informatik17_18/ITM/Abgabe3/itm_skeleton_a3_SS17/assignment3/webapps/itm/media/img/b1murene.gif to /Users/raphaelkolhaupt/Documents/ADesktop/Informatik17_18/ITM/Abgabe3/itm_skeleton_a3_SS17/assignment3/webapps/itm/media/md/b1murene.gif.png
converted /Users/raphaelkolhaupt/Documents/ADesktop/Informatik17_18/ITM/Abgabe3/itm_skeleton_a3_SS17/assignment3/webapps/itm/media/img/b1murene.jpg to /Users/raphaelkolhaupt/Documents/ADesktop/Informatik17_18/ITM/Abgabe3/itm_skeleton_a3_SS17/assignment3/webapps/itm/media/md/b1murene.jpg.png
converted /Users/raphaelkolhaupt/Documents/ADesktop/Informatik17_18/ITM/Abgabe3/itm_skeleton_a3_SS17/assignment3/webapps/itm/media/img/b1shell008.jpg to /Users/raphaelkolhaupt/Documents/ADesktop/Informatik17_18/ITM/Abgabe3/itm_skeleton_a3_SS17/assignment3/webapps/itm/media/md/b1shell008.jpg.png
converted /Users/raphaelkolhaupt/Documents/ADesktop/Informatik17_18/ITM/Abgabe3/itm_skeleton_a3_SS17/assignment3/webapps/itm/media/img/b20nature_plants245.jpg to /Users/raphaelkolhaupt/Documents/ADesktop/Informatik17_18/ITM/Abgabe3/itm_skeleton_a3_SS17/assignment3/webapps/itm/media/md/b20nature_plants245.jpg.png
converted /Users/raphaelkolhaupt/Documents/ADesktop/Informatik17_18/ITM/Abgabe3/itm_skeleton_a3_SS17/assignment3/webapps/itm/media/img/b2seaanimals005.jpg to /Users/raphaelkolhaupt/Documents/ADesktop/Informatik17_18/ITM/Abgabe3/itm_skeleton_a3_SS17/assignment3/webapps/itm/media/md/b2seaanimals005.jpg.png
converted /Users/raphaelkolhaupt/Documents/ADesktop/Informatik17_18/ITM/Abgabe3/itm_skeleton_a3_SS17/assignment3/webapps/itm/media/img/b3_seaanimals014.jpg to /Users/raphaelkolhaupt/Documents/ADesktop/Informatik17_18/ITM/Abgabe3/itm_skeleton_a3_SS17/assignment3/webapps/itm/media/md/b3_seaanimals014.jpg.png
converted /Users/raphaelkolhaupt/Documents/ADesktop/Informatik17_18/ITM/Abgabe3/itm_skeleton_a3_SS17/assignment3/webapps/itm/media/img/b9nature_plants064.jpg to /Users/raphaelkolhaupt/Documents/ADesktop/Informatik17_18/ITM/Abgabe3/itm_skeleton_a3_SS17/assignment3/webapps/itm/media/md/b9nature_plants064.jpg.png
converted /Users/raphaelkolhaupt/Documents/ADesktop/Informatik17_18/ITM/Abgabe3/itm_skeleton_a3_SS17/assignment3/webapps/itm/media/img/blue_sky4m.JPG to /Users/raphaelkolhaupt/Documents/ADesktop/Informatik17_18/ITM/Abgabe3/itm_skeleton_a3_SS17/assignment3/webapps/itm/media/md/blue_sky4m.JPG.png
converted /Users/raphaelkolhaupt/Documents/ADesktop/Informatik17_18/ITM/Abgabe3/itm_skeleton_a3_SS17/assignment3/webapps/itm/media/img/blue_sky5m.JPG to /Users/raphaelkolhaupt/Documents/ADesktop/Informatik17_18/ITM/Abgabe3/itm_skeleton_a3_SS17/assignment3/webapps/itm/media/md/blue_sky5m.JPG.png
converted /Users/raphaelkolhaupt/Documents/ADesktop/Informatik17_18/ITM/Abgabe3/itm_skeleton_a3_SS17/assignment3/webapps/itm/media/img/elephant14m.JPG to /Users/raphaelkolhaupt/Documents/ADesktop/Informatik17_18/ITM/Abgabe3/itm_skeleton_a3_SS17/assignment3/webapps/itm/media/md/elephant14m.JPG.png
converted /Users/raphaelkolhaupt/Documents/ADesktop/Informatik17_18/ITM/Abgabe3/itm_skeleton_a3_SS17/assignment3/webapps/itm/media/img/elephant14m.png to /Users/raphaelkolhaupt/Documents/ADesktop/Informatik17_18/ITM/Abgabe3/itm_skeleton_a3_SS17/assignment3/webapps/itm/media/md/elephant14m.png.png
converted /Users/raphaelkolhaupt/Documents/ADesktop/Informatik17_18/ITM/Abgabe3/itm_skeleton_a3_SS17/assignment3/webapps/itm/media/img/peafowl_picture1.JPG to /Users/raphaelkolhaupt/Documents/ADesktop/Informatik17_18/ITM/Abgabe3/itm_skeleton_a3_SS17/assignment3/webapps/itm/media/md/peafowl_picture1.JPG.png
converted /Users/raphaelkolhaupt/Documents/ADesktop/Informatik17_18/ITM/Abgabe3/itm_skeleton_a3_SS17/assignment3/webapps/itm/media/img/picture_of_coati.JPG to /Users/raphaelkolhaupt/Documents/ADesktop/Informatik17_18/ITM/Abgabe3/itm_skeleton_a3_SS17/assignment3/webapps/itm/media/md/picture_of_coati.JPG.png
converted /Users/raphaelkolhaupt/Documents/ADesktop/Informatik17_18/ITM/Abgabe3/itm_skeleton_a3_SS17/assignment3/webapps/itm/media/img/picture_of_coati_dithered.png to /Users/raphaelkolhaupt/Documents/ADesktop/Informatik17_18/ITM/Abgabe3/itm_skeleton_a3_SS17/assignment3/webapps/itm/media/md/picture_of_coati_dithered.png.png
converted /Users/raphaelkolhaupt/Documents/ADesktop/Informatik17_18/ITM/Abgabe3/itm_skeleton_a3_SS17/assignment3/webapps/itm/media/img/picture_of_goat11.JPG to /Users/raphaelkolhaupt/Documents/ADesktop/Informatik17_18/ITM/Abgabe3/itm_skeleton_a3_SS17/assignment3/webapps/itm/media/md/picture_of_goat11.JPG.png
converted /Users/raphaelkolhaupt/Documents/ADesktop/Informatik17_18/ITM/Abgabe3/itm_skeleton_a3_SS17/assignment3/webapps/itm/media/img/the_real_firefox.png to /Users/raphaelkolhaupt/Documents/ADesktop/Informatik17_18/ITM/Abgabe3/itm_skeleton_a3_SS17/assignment3/webapps/itm/media/md/the_real_firefox.png.png
converted /Users/raphaelkolhaupt/Documents/ADesktop/Informatik17_18/ITM/Abgabe3/itm_skeleton_a3_SS17/assignment3/webapps/itm/media/img/the_real_firefox_dithered.bmp to /Users/raphaelkolhaupt/Documents/ADesktop/Informatik17_18/ITM/Abgabe3/itm_skeleton_a3_SS17/assignment3/webapps/itm/media/md/the_real_firefox_dithered.bmp.png
converted /Users/raphaelkolhaupt/Documents/ADesktop/Informatik17_18/ITM/Abgabe3/itm_skeleton_a3_SS17/assignment3/webapps/itm/media/img/underwater_rugby.JPG to /Users/raphaelkolhaupt/Documents/ADesktop/Informatik17_18/ITM/Abgabe3/itm_skeleton_a3_SS17/assignment3/webapps/itm/media/md/underwater_rugby.JPG.png
converted /Users/raphaelkolhaupt/Documents/ADesktop/Informatik17_18/ITM/Abgabe3/itm_skeleton_a3_SS17/assignment3/webapps/itm/media/img/zebra3m.JPG to /Users/raphaelkolhaupt/Documents/ADesktop/Informatik17_18/ITM/Abgabe3/itm_skeleton_a3_SS17/assignment3/webapps/itm/media/md/zebra3m.JPG.png
Error converting /Users/raphaelkolhaupt/Documents/ADesktop/Informatik17_18/ITM/Abgabe3/itm_skeleton_a3_SS17/assignment3/webapps/itm/media/img : java.io.IOException: Could not determine what object to create from filename extension ds_store
converted /Users/raphaelkolhaupt/Documents/ADesktop/Informatik17_18/ITM/Abgabe3/itm_skeleton_a3_SS17/assignment3/webapps/itm/media/img/b17barb026.jpg to /Users/raphaelkolhaupt/Documents/ADesktop/Informatik17_18/ITM/Abgabe3/itm_skeleton_a3_SS17/assignment3/webapps/itm/media/md
converted /Users/raphaelkolhaupt/Documents/ADesktop/Informatik17_18/ITM/Abgabe3/itm_skeleton_a3_SS17/assignment3/webapps/itm/media/img/b17barb026_dithered.gif to /Users/raphaelkolhaupt/Documents/ADesktop/Informatik17_18/ITM/Abgabe3/itm_skeleton_a3_SS17/assignment3/webapps/itm/media/md
converted /Users/raphaelkolhaupt/Documents/ADesktop/Informatik17_18/ITM/Abgabe3/itm_skeleton_a3_SS17/assignment3/webapps/itm/media/img/b17maartent1427.gif to /Users/raphaelkolhaupt/Documents/ADesktop/Informatik17_18/ITM/Abgabe3/itm_skeleton_a3_SS17/assignment3/webapps/itm/media/md
converted /Users/raphaelkolhaupt/Documents/ADesktop/Informatik17_18/ITM/Abgabe3/itm_skeleton_a3_SS17/assignment3/webapps/itm/media/img/b17maartent1427.jpg to /Users/raphaelkolhaupt/Documents/ADesktop/Informatik17_18/ITM/Abgabe3/itm_skeleton_a3_SS17/assignment3/webapps/itm/media/md
converted /Users/raphaelkolhaupt/Documents/ADesktop/Informatik17_18/ITM/Abgabe3/itm_skeleton_a3_SS17/assignment3/webapps/itm/media/img/b1murene.gif to /Users/raphaelkolhaupt/Documents/ADesktop/Informatik17_18/ITM/Abgabe3/itm_skeleton_a3_SS17/assignment3/webapps/itm/media/md
converted /Users/raphaelkolhaupt/Documents/ADesktop/Informatik17_18/ITM/Abgabe3/itm_skeleton_a3_SS17/assignment3/webapps/itm/media/img/b1murene.jpg to /Users/raphaelkolhaupt/Documents/ADesktop/Informatik17_18/ITM/Abgabe3/itm_skeleton_a3_SS17/assignment3/webapps/itm/media/md
converted /Users/raphaelkolhaupt/Documents/ADesktop/Informatik17_18/ITM/Abgabe3/itm_skeleton_a3_SS17/assignment3/webapps/itm/media/img/b1shell008.jpg to /Users/raphaelkolhaupt/Documents/ADesktop/Informatik17_18/ITM/Abgabe3/itm_skeleton_a3_SS17/assignment3/webapps/itm/media/md
converted /Users/raphaelkolhaupt/Documents/ADesktop/Informatik17_18/ITM/Abgabe3/itm_skeleton_a3_SS17/assignment3/webapps/itm/media/img/b20nature_plants245.jpg to /Users/raphaelkolhaupt/Documents/ADesktop/Informatik17_18/ITM/Abgabe3/itm_skeleton_a3_SS17/assignment3/webapps/itm/media/md
converted /Users/raphaelkolhaupt/Documents/ADesktop/Informatik17_18/ITM/Abgabe3/itm_skeleton_a3_SS17/assignment3/webapps/itm/media/img/b2seaanimals005.jpg to /Users/raphaelkolhaupt/Documents/ADesktop/Informatik17_18/ITM/Abgabe3/itm_skeleton_a3_SS17/assignment3/webapps/itm/media/md
converted /Users/raphaelkolhaupt/Documents/ADesktop/Informatik17_18/ITM/Abgabe3/itm_skeleton_a3_SS17/assignment3/webapps/itm/media/img/b3_seaanimals014.jpg to /Users/raphaelkolhaupt/Documents/ADesktop/Informatik17_18/ITM/Abgabe3/itm_skeleton_a3_SS17/assignment3/webapps/itm/media/md
converted /Users/raphaelkolhaupt/Documents/ADesktop/Informatik17_18/ITM/Abgabe3/itm_skeleton_a3_SS17/assignment3/webapps/itm/media/img/b9nature_plants064.jpg to /Users/raphaelkolhaupt/Documents/ADesktop/Informatik17_18/ITM/Abgabe3/itm_skeleton_a3_SS17/assignment3/webapps/itm/media/md
converted /Users/raphaelkolhaupt/Documents/ADesktop/Informatik17_18/ITM/Abgabe3/itm_skeleton_a3_SS17/assignment3/webapps/itm/media/img/blue_sky4m.JPG to /Users/raphaelkolhaupt/Documents/ADesktop/Informatik17_18/ITM/Abgabe3/itm_skeleton_a3_SS17/assignment3/webapps/itm/media/md
converted /Users/raphaelkolhaupt/Documents/ADesktop/Informatik17_18/ITM/Abgabe3/itm_skeleton_a3_SS17/assignment3/webapps/itm/media/img/blue_sky5m.JPG to /Users/raphaelkolhaupt/Documents/ADesktop/Informatik17_18/ITM/Abgabe3/itm_skeleton_a3_SS17/assignment3/webapps/itm/media/md
converted /Users/raphaelkolhaupt/Documents/ADesktop/Informatik17_18/ITM/Abgabe3/itm_skeleton_a3_SS17/assignment3/webapps/itm/media/img/elephant14m.JPG to /Users/raphaelkolhaupt/Documents/ADesktop/Informatik17_18/ITM/Abgabe3/itm_skeleton_a3_SS17/assignment3/webapps/itm/media/md
converted /Users/raphaelkolhaupt/Documents/ADesktop/Informatik17_18/ITM/Abgabe3/itm_skeleton_a3_SS17/assignment3/webapps/itm/media/img/elephant14m.png to /Users/raphaelkolhaupt/Documents/ADesktop/Informatik17_18/ITM/Abgabe3/itm_skeleton_a3_SS17/assignment3/webapps/itm/media/md
converted /Users/raphaelkolhaupt/Documents/ADesktop/Informatik17_18/ITM/Abgabe3/itm_skeleton_a3_SS17/assignment3/webapps/itm/media/img/peafowl_picture1.JPG to /Users/raphaelkolhaupt/Documents/ADesktop/Informatik17_18/ITM/Abgabe3/itm_skeleton_a3_SS17/assignment3/webapps/itm/media/md
converted /Users/raphaelkolhaupt/Documents/ADesktop/Informatik17_18/ITM/Abgabe3/itm_skeleton_a3_SS17/assignment3/webapps/itm/media/img/picture_of_coati.JPG to /Users/raphaelkolhaupt/Documents/ADesktop/Informatik17_18/ITM/Abgabe3/itm_skeleton_a3_SS17/assignment3/webapps/itm/media/md
converted /Users/raphaelkolhaupt/Documents/ADesktop/Informatik17_18/ITM/Abgabe3/itm_skeleton_a3_SS17/assignment3/webapps/itm/media/img/picture_of_coati_dithered.png to /Users/raphaelkolhaupt/Documents/ADesktop/Informatik17_18/ITM/Abgabe3/itm_skeleton_a3_SS17/assignment3/webapps/itm/media/md
converted /Users/raphaelkolhaupt/Documents/ADesktop/Informatik17_18/ITM/Abgabe3/itm_skeleton_a3_SS17/assignment3/webapps/itm/media/img/picture_of_goat11.JPG to /Users/raphaelkolhaupt/Documents/ADesktop/Informatik17_18/ITM/Abgabe3/itm_skeleton_a3_SS17/assignment3/webapps/itm/media/md
converted /Users/raphaelkolhaupt/Documents/ADesktop/Informatik17_18/ITM/Abgabe3/itm_skeleton_a3_SS17/assignment3/webapps/itm/media/img/the_real_firefox.png to /Users/raphaelkolhaupt/Documents/ADesktop/Informatik17_18/ITM/Abgabe3/itm_skeleton_a3_SS17/assignment3/webapps/itm/media/md
converted /Users/raphaelkolhaupt/Documents/ADesktop/Informatik17_18/ITM/Abgabe3/itm_skeleton_a3_SS17/assignment3/webapps/itm/media/img/the_real_firefox_dithered.bmp to /Users/raphaelkolhaupt/Documents/ADesktop/Informatik17_18/ITM/Abgabe3/itm_skeleton_a3_SS17/assignment3/webapps/itm/media/md
converted /Users/raphaelkolhaupt/Documents/ADesktop/Informatik17_18/ITM/Abgabe3/itm_skeleton_a3_SS17/assignment3/webapps/itm/media/img/underwater_rugby.JPG to /Users/raphaelkolhaupt/Documents/ADesktop/Informatik17_18/ITM/Abgabe3/itm_skeleton_a3_SS17/assignment3/webapps/itm/media/md
converted /Users/raphaelkolhaupt/Documents/ADesktop/Informatik17_18/ITM/Abgabe3/itm_skeleton_a3_SS17/assignment3/webapps/itm/media/img/zebra3m.JPG to /Users/raphaelkolhaupt/Documents/ADesktop/Informatik17_18/ITM/Abgabe3/itm_skeleton_a3_SS17/assignment3/webapps/itm/media/md
Error converting /Users/raphaelkolhaupt/Documents/ADesktop/Informatik17_18/ITM/Abgabe3/itm_skeleton_a3_SS17/assignment3/webapps/itm/media/img : java.lang.NullPointerException
converted /Users/raphaelkolhaupt/Documents/ADesktop/Informatik17_18/ITM/Abgabe3/itm_skeleton_a3_SS17/assignment3/webapps/itm/media/img/b17barb026.jpg to /Users/raphaelkolhaupt/Documents/ADesktop/Informatik17_18/ITM/Abgabe3/itm_skeleton_a3_SS17/assignment3/webapps/itm/media/md/b17barb026.jpg.hist.png
converted /Users/raphaelkolhaupt/Documents/ADesktop/Informatik17_18/ITM/Abgabe3/itm_skeleton_a3_SS17/assignment3/webapps/itm/media/img/b17barb026_dithered.gif to /Users/raphaelkolhaupt/Documents/ADesktop/Informatik17_18/ITM/Abgabe3/itm_skeleton_a3_SS17/assignment3/webapps/itm/media/md/b17barb026_dithered.gif.hist.png
converted /Users/raphaelkolhaupt/Documents/ADesktop/Informatik17_18/ITM/Abgabe3/itm_skeleton_a3_SS17/assignment3/webapps/itm/media/img/b17maartent1427.gif to /Users/raphaelkolhaupt/Documents/ADesktop/Informatik17_18/ITM/Abgabe3/itm_skeleton_a3_SS17/assignment3/webapps/itm/media/md/b17maartent1427.gif.hist.png
converted /Users/raphaelkolhaupt/Documents/ADesktop/Informatik17_18/ITM/Abgabe3/itm_skeleton_a3_SS17/assignment3/webapps/itm/media/img/b17maartent1427.jpg to /Users/raphaelkolhaupt/Documents/ADesktop/Informatik17_18/ITM/Abgabe3/itm_skeleton_a3_SS17/assignment3/webapps/itm/media/md/b17maartent1427.jpg.hist.png
converted /Users/raphaelkolhaupt/Documents/ADesktop/Informatik17_18/ITM/Abgabe3/itm_skeleton_a3_SS17/assignment3/webapps/itm/media/img/b1murene.gif to /Users/raphaelkolhaupt/Documents/ADesktop/Informatik17_18/ITM/Abgabe3/itm_skeleton_a3_SS17/assignment3/webapps/itm/media/md/b1murene.gif.hist.png
converted /Users/raphaelkolhaupt/Documents/ADesktop/Informatik17_18/ITM/Abgabe3/itm_skeleton_a3_SS17/assignment3/webapps/itm/media/img/b1murene.jpg to /Users/raphaelkolhaupt/Documents/ADesktop/Informatik17_18/ITM/Abgabe3/itm_skeleton_a3_SS17/assignment3/webapps/itm/media/md/b1murene.jpg.hist.png
converted /Users/raphaelkolhaupt/Documents/ADesktop/Informatik17_18/ITM/Abgabe3/itm_skeleton_a3_SS17/assignment3/webapps/itm/media/img/b1shell008.jpg to /Users/raphaelkolhaupt/Documents/ADesktop/Informatik17_18/ITM/Abgabe3/itm_skeleton_a3_SS17/assignment3/webapps/itm/media/md/b1shell008.jpg.hist.png
converted /Users/raphaelkolhaupt/Documents/ADesktop/Informatik17_18/ITM/Abgabe3/itm_skeleton_a3_SS17/assignment3/webapps/itm/media/img/b20nature_plants245.jpg to /Users/raphaelkolhaupt/Documents/ADesktop/Informatik17_18/ITM/Abgabe3/itm_skeleton_a3_SS17/assignment3/webapps/itm/media/md/b20nature_plants245.jpg.hist.png
converted /Users/raphaelkolhaupt/Documents/ADesktop/Informatik17_18/ITM/Abgabe3/itm_skeleton_a3_SS17/assignment3/webapps/itm/media/img/b2seaanimals005.jpg to /Users/raphaelkolhaupt/Documents/ADesktop/Informatik17_18/ITM/Abgabe3/itm_skeleton_a3_SS17/assignment3/webapps/itm/media/md/b2seaanimals005.jpg.hist.png
converted /Users/raphaelkolhaupt/Documents/ADesktop/Informatik17_18/ITM/Abgabe3/itm_skeleton_a3_SS17/assignment3/webapps/itm/media/img/b3_seaanimals014.jpg to /Users/raphaelkolhaupt/Documents/ADesktop/Informatik17_18/ITM/Abgabe3/itm_skeleton_a3_SS17/assignment3/webapps/itm/media/md/b3_seaanimals014.jpg.hist.png
converted /Users/raphaelkolhaupt/Documents/ADesktop/Informatik17_18/ITM/Abgabe3/itm_skeleton_a3_SS17/assignment3/webapps/itm/media/img/b9nature_plants064.jpg to /Users/raphaelkolhaupt/Documents/ADesktop/Informatik17_18/ITM/Abgabe3/itm_skeleton_a3_SS17/assignment3/webapps/itm/media/md/b9nature_plants064.jpg.hist.png
converted /Users/raphaelkolhaupt/Documents/ADesktop/Informatik17_18/ITM/Abgabe3/itm_skeleton_a3_SS17/assignment3/webapps/itm/media/img/blue_sky4m.JPG to /Users/raphaelkolhaupt/Documents/ADesktop/Informatik17_18/ITM/Abgabe3/itm_skeleton_a3_SS17/assignment3/webapps/itm/media/md/blue_sky4m.JPG.hist.png
converted /Users/raphaelkolhaupt/Documents/ADesktop/Informatik17_18/ITM/Abgabe3/itm_skeleton_a3_SS17/assignment3/webapps/itm/media/img/blue_sky5m.JPG to /Users/raphaelkolhaupt/Documents/ADesktop/Informatik17_18/ITM/Abgabe3/itm_skeleton_a3_SS17/assignment3/webapps/itm/media/md/blue_sky5m.JPG.hist.png
converted /Users/raphaelkolhaupt/Documents/ADesktop/Informatik17_18/ITM/Abgabe3/itm_skeleton_a3_SS17/assignment3/webapps/itm/media/img/elephant14m.JPG to /Users/raphaelkolhaupt/Documents/ADesktop/Informatik17_18/ITM/Abgabe3/itm_skeleton_a3_SS17/assignment3/webapps/itm/media/md/elephant14m.JPG.hist.png
converted /Users/raphaelkolhaupt/Documents/ADesktop/Informatik17_18/ITM/Abgabe3/itm_skeleton_a3_SS17/assignment3/webapps/itm/media/img/elephant14m.png to /Users/raphaelkolhaupt/Documents/ADesktop/Informatik17_18/ITM/Abgabe3/itm_skeleton_a3_SS17/assignment3/webapps/itm/media/md/elephant14m.png.hist.png
converted /Users/raphaelkolhaupt/Documents/ADesktop/Informatik17_18/ITM/Abgabe3/itm_skeleton_a3_SS17/assignment3/webapps/itm/media/img/peafowl_picture1.JPG to /Users/raphaelkolhaupt/Documents/ADesktop/Informatik17_18/ITM/Abgabe3/itm_skeleton_a3_SS17/assignment3/webapps/itm/media/md/peafowl_picture1.JPG.hist.png
converted /Users/raphaelkolhaupt/Documents/ADesktop/Informatik17_18/ITM/Abgabe3/itm_skeleton_a3_SS17/assignment3/webapps/itm/media/img/picture_of_coati.JPG to /Users/raphaelkolhaupt/Documents/ADesktop/Informatik17_18/ITM/Abgabe3/itm_skeleton_a3_SS17/assignment3/webapps/itm/media/md/picture_of_coati.JPG.hist.png
converted /Users/raphaelkolhaupt/Documents/ADesktop/Informatik17_18/ITM/Abgabe3/itm_skeleton_a3_SS17/assignment3/webapps/itm/media/img/picture_of_coati_dithered.png to /Users/raphaelkolhaupt/Documents/ADesktop/Informatik17_18/ITM/Abgabe3/itm_skeleton_a3_SS17/assignment3/webapps/itm/media/md/picture_of_coati_dithered.png.hist.png
converted /Users/raphaelkolhaupt/Documents/ADesktop/Informatik17_18/ITM/Abgabe3/itm_skeleton_a3_SS17/assignment3/webapps/itm/media/img/picture_of_goat11.JPG to /Users/raphaelkolhaupt/Documents/ADesktop/Informatik17_18/ITM/Abgabe3/itm_skeleton_a3_SS17/assignment3/webapps/itm/media/md/picture_of_goat11.JPG.hist.png
converted /Users/raphaelkolhaupt/Documents/ADesktop/Informatik17_18/ITM/Abgabe3/itm_skeleton_a3_SS17/assignment3/webapps/itm/media/img/the_real_firefox.png to /Users/raphaelkolhaupt/Documents/ADesktop/Informatik17_18/ITM/Abgabe3/itm_skeleton_a3_SS17/assignment3/webapps/itm/media/md/the_real_firefox.png.hist.png
converted /Users/raphaelkolhaupt/Documents/ADesktop/Informatik17_18/ITM/Abgabe3/itm_skeleton_a3_SS17/assignment3/webapps/itm/media/img/the_real_firefox_dithered.bmp to /Users/raphaelkolhaupt/Documents/ADesktop/Informatik17_18/ITM/Abgabe3/itm_skeleton_a3_SS17/assignment3/webapps/itm/media/md/the_real_firefox_dithered.bmp.hist.png
converted /Users/raphaelkolhaupt/Documents/ADesktop/Informatik17_18/ITM/Abgabe3/itm_skeleton_a3_SS17/assignment3/webapps/itm/media/img/underwater_rugby.JPG to /Users/raphaelkolhaupt/Documents/ADesktop/Informatik17_18/ITM/Abgabe3/itm_skeleton_a3_SS17/assignment3/webapps/itm/media/md/underwater_rugby.JPG.hist.png
converted /Users/raphaelkolhaupt/Documents/ADesktop/Informatik17_18/ITM/Abgabe3/itm_skeleton_a3_SS17/assignment3/webapps/itm/media/img/zebra3m.JPG to /Users/raphaelkolhaupt/Documents/ADesktop/Informatik17_18/ITM/Abgabe3/itm_skeleton_a3_SS17/assignment3/webapps/itm/media/md/zebra3m.JPG.hist.png
converted /Users/raphaelkolhaupt/Documents/ADesktop/Informatik17_18/ITM/Abgabe3/itm_skeleton_a3_SS17/assignment3/webapps/itm/media/audio/Amazon.mp3 to /Users/raphaelkolhaupt/Documents/ADesktop/Informatik17_18/ITM/Abgabe3/itm_skeleton_a3_SS17/assignment3/webapps/itm/media/md/Amazon.mp3.wav
converted /Users/raphaelkolhaupt/Documents/ADesktop/Informatik17_18/ITM/Abgabe3/itm_skeleton_a3_SS17/assignment3/webapps/itm/media/audio/DashTheCurry[Skit].mp3 to /Users/raphaelkolhaupt/Documents/ADesktop/Informatik17_18/ITM/Abgabe3/itm_skeleton_a3_SS17/assignment3/webapps/itm/media/md/DashTheCurry[Skit].mp3.wav
converted /Users/raphaelkolhaupt/Documents/ADesktop/Informatik17_18/ITM/Abgabe3/itm_skeleton_a3_SS17/assignment3/webapps/itm/media/audio/error.wav to /Users/raphaelkolhaupt/Documents/ADesktop/Informatik17_18/ITM/Abgabe3/itm_skeleton_a3_SS17/assignment3/webapps/itm/media/md/error.wav.wav
converted /Users/raphaelkolhaupt/Documents/ADesktop/Informatik17_18/ITM/Abgabe3/itm_skeleton_a3_SS17/assignment3/webapps/itm/media/audio/FireFire.mp3 to /Users/raphaelkolhaupt/Documents/ADesktop/Informatik17_18/ITM/Abgabe3/itm_skeleton_a3_SS17/assignment3/webapps/itm/media/md/FireFire.mp3.wav
converted /Users/raphaelkolhaupt/Documents/ADesktop/Informatik17_18/ITM/Abgabe3/itm_skeleton_a3_SS17/assignment3/webapps/itm/media/audio/Hombre.mp3 to /Users/raphaelkolhaupt/Documents/ADesktop/Informatik17_18/ITM/Abgabe3/itm_skeleton_a3_SS17/assignment3/webapps/itm/media/md/Hombre.mp3.wav
The line for encoding is: encoding: MPEG1L3
Error when creating metadata from file /Users/raphaelkolhaupt/Documents/ADesktop/Informatik17_18/ITM/Abgabe3/itm_skeleton_a3_SS17/assignment3/webapps/itm/media/audio : java.lang.NumberFormatException: For input string: "duration: 4.17"
The line for encoding is: encoding: MPEG1L3
Error when creating metadata from file /Users/raphaelkolhaupt/Documents/ADesktop/Informatik17_18/ITM/Abgabe3/itm_skeleton_a3_SS17/assignment3/webapps/itm/media/audio : java.lang.NumberFormatException: For input string: "duration: 0.4"
The line for encoding is: encoding: PCM_SIGNED
Error when creating metadata from file /Users/raphaelkolhaupt/Documents/ADesktop/Informatik17_18/ITM/Abgabe3/itm_skeleton_a3_SS17/assignment3/webapps/itm/media/audio : java.lang.NumberFormatException: For input string: "duration: 0.03"
The line for encoding is: encoding: MPEG1L3
Error when creating metadata from file /Users/raphaelkolhaupt/Documents/ADesktop/Informatik17_18/ITM/Abgabe3/itm_skeleton_a3_SS17/assignment3/webapps/itm/media/audio : java.lang.NumberFormatException: For input string: "duration: 3.29"
The line for encoding is: encoding: MPEG1L3
Error when creating metadata from file /Users/raphaelkolhaupt/Documents/ADesktop/Informatik17_18/ITM/Abgabe3/itm_skeleton_a3_SS17/assignment3/webapps/itm/media/audio : java.lang.NumberFormatException: For input string: "duration: 4.02"
processed file /Users/raphaelkolhaupt/Documents/ADesktop/Informatik17_18/ITM/Abgabe3/itm_skeleton_a3_SS17/assignment3/webapps/itm/media/video/DREIZEHN.AVI to /Users/raphaelkolhaupt/Documents/ADesktop/Informatik17_18/ITM/Abgabe3/itm_skeleton_a3_SS17/assignment3/webapps/itm/media/md
2018-01-05 13:13:44,941 [http-nio-8080-exec-2] DEBUG com.xuggle.xuggler - error: input frame height does not match expected value (../../../../../../../csrc/com/xuggle/xuggler/VideoResampler.cpp:166)
Error processing file /Users/raphaelkolhaupt/Documents/ADesktop/Informatik17_18/ITM/Abgabe3/itm_skeleton_a3_SS17/assignment3/webapps/itm/media/video : java.lang.RuntimeException: could not resample from BGR24 to YUV420P for picture of type BGR24
2018-01-05 13:13:44,960 [http-nio-8080-exec-2] ERROR org.ffmpeg - [mp3 @ 0x7fa3c6216e00] Header missing
2018-01-05 13:13:45,028 [Finalizer] DEBUG com.xuggle.xuggler - Closing dangling Container (../../../../../../../csrc/com/xuggle/xuggler/Container.cpp:146)
2018-01-05 13:13:45,030 [Finalizer] ERROR com.xuggle.xuggler - Disposing of dangling container but could not write trailer (../../../../../../../csrc/com/xuggle/xuggler/Container.cpp:564)
2018-01-05 13:13:45,030 [Finalizer] DEBUG com.xuggle.xuggler - Closing dangling StreamCoder (../../../../../../../csrc/com/xuggle/xuggler/StreamCoder.cpp:96)
2018-01-05 13:14:07,453 [http-nio-8080-exec-2] DEBUG com.xuggle.xuggler - error: input frame height does not match expected value (../../../../../../../csrc/com/xuggle/xuggler/VideoResampler.cpp:166)
Error processing file /Users/raphaelkolhaupt/Documents/ADesktop/Informatik17_18/ITM/Abgabe3/itm_skeleton_a3_SS17/assignment3/webapps/itm/media/video : java.lang.RuntimeException: could not resample from BGR24 to YUV420P for picture of type BGR24
Error when creating metadata from file /Users/raphaelkolhaupt/Documents/ADesktop/Informatik17_18/ITM/Abgabe3/itm_skeleton_a3_SS17/assignment3/webapps/itm/media/video : java.lang.NumberFormatException: For input string: "videoFrameRate: 14.999925000374999"
Error when creating metadata from file /Users/raphaelkolhaupt/Documents/ADesktop/Informatik17_18/ITM/Abgabe3/itm_skeleton_a3_SS17/assignment3/webapps/itm/media/video : java.lang.NumberFormatException: For input string: "videoFrameRate: 41.833333333333336"
Error when creating metadata from file /Users/raphaelkolhaupt/Documents/ADesktop/Informatik17_18/ITM/Abgabe3/itm_skeleton_a3_SS17/assignment3/webapps/itm/media/video : java.lang.NumberFormatException: For input string: "videoFrameRate: 25.0"
2018-01-05 13:15:28,775 [Finalizer] DEBUG com.xuggle.xuggler - Closing dangling Container (../../../../../../../csrc/com/xuggle/xuggler/Container.cpp:146)
2018-01-05 13:15:28,775 [Finalizer] ERROR com.xuggle.xuggler - Disposing of dangling container but could not write trailer (../../../../../../../csrc/com/xuggle/xuggler/Container.cpp:564)
2018-01-05 13:15:28,775 [Finalizer] DEBUG com.xuggle.xuggler - Closing dangling StreamCoder (../../../../../../../csrc/com/xuggle/xuggler/StreamCoder.cpp:96)
05-Jan-2018 13:17:04.500 INFO [main] org.apache.catalina.core.StandardServer.await A valid shutdown command was received via the shutdown port. Stopping the Server instance.
05-Jan-2018 13:17:04.501 INFO [main] org.apache.coyote.AbstractProtocol.pause Pausing ProtocolHandler ["http-nio-8080"]
05-Jan-2018 13:17:04.565 INFO [main] org.apache.coyote.AbstractProtocol.pause Pausing ProtocolHandler ["ajp-nio-8009"]
05-Jan-2018 13:17:04.617 INFO [main] org.apache.catalina.core.StandardService.stopInternal Stopping service Catalina
05-Jan-2018 13:17:04.656 SEVERE [localhost-startStop-2] org.apache.catalina.loader.WebappClassLoaderBase.checkThreadLocalMapForLeaks The web application [itm] created a ThreadLocal with key of type [java.lang.ThreadLocal] (value [java.lang.ThreadLocal@10a9d041]) and a value of type [com.xuggle.ferry.JNIThreadProxy] (value [Thread[Thread-6,5,main]]) but failed to remove it when the web application was stopped. Threads are going to be renewed over time to try and avoid a probable memory leak.
05-Jan-2018 13:17:04.662 INFO [main] org.apache.coyote.AbstractProtocol.stop Stopping ProtocolHandler ["http-nio-8080"]
05-Jan-2018 13:17:04.667 INFO [main] org.apache.coyote.AbstractProtocol.stop Stopping ProtocolHandler ["ajp-nio-8009"]
05-Jan-2018 13:17:04.668 INFO [main] org.apache.coyote.AbstractProtocol.destroy Destroying ProtocolHandler ["http-nio-8080"]
05-Jan-2018 13:17:04.669 INFO [main] org.apache.coyote.AbstractProtocol.destroy Destroying ProtocolHandler ["ajp-nio-8009"]
