05-Jan-2018 13:00:03.131 INFO [main] org.apache.catalina.startup.VersionLoggerListener.log Server version:        Apache Tomcat/9.0.0.M1
05-Jan-2018 13:00:03.136 INFO [main] org.apache.catalina.startup.VersionLoggerListener.log Server built:          Nov 12 2015 22:05:52 UTC
05-Jan-2018 13:00:03.137 INFO [main] org.apache.catalina.startup.VersionLoggerListener.log Server number:         9.0.0.0
05-Jan-2018 13:00:03.138 INFO [main] org.apache.catalina.startup.VersionLoggerListener.log OS Name:               Mac OS X
05-Jan-2018 13:00:03.138 INFO [main] org.apache.catalina.startup.VersionLoggerListener.log OS Version:            10.13.2
05-Jan-2018 13:00:03.138 INFO [main] org.apache.catalina.startup.VersionLoggerListener.log Architecture:          x86_64
05-Jan-2018 13:00:03.139 INFO [main] org.apache.catalina.startup.VersionLoggerListener.log Java Home:             /Library/Java/JavaVirtualMachines/jdk1.8.0_152.jdk/Contents/Home/jre
05-Jan-2018 13:00:03.139 INFO [main] org.apache.catalina.startup.VersionLoggerListener.log JVM Version:           1.8.0_152-b16
05-Jan-2018 13:00:03.140 INFO [main] org.apache.catalina.startup.VersionLoggerListener.log JVM Vendor:            Oracle Corporation
05-Jan-2018 13:00:03.140 INFO [main] org.apache.catalina.startup.VersionLoggerListener.log CATALINA_BASE:         /Users/raphaelkolhaupt/Documents/ADesktop/Informatik17_18/ITM/Abgabe3/itm_skeleton_a3_SS17/assignment3/tools/tomcat/apache-tomcat-9.0.0.M1
05-Jan-2018 13:00:03.140 INFO [main] org.apache.catalina.startup.VersionLoggerListener.log CATALINA_HOME:         /Users/raphaelkolhaupt/Documents/ADesktop/Informatik17_18/ITM/Abgabe3/itm_skeleton_a3_SS17/assignment3/tools/tomcat/apache-tomcat-9.0.0.M1
05-Jan-2018 13:00:03.142 INFO [main] org.apache.catalina.startup.VersionLoggerListener.log Command line argument: -Djava.util.logging.config.file=/Users/raphaelkolhaupt/Documents/ADesktop/Informatik17_18/ITM/Abgabe3/itm_skeleton_a3_SS17/assignment3/tools/tomcat/apache-tomcat-9.0.0.M1/conf/logging.properties
05-Jan-2018 13:00:03.143 INFO [main] org.apache.catalina.startup.VersionLoggerListener.log Command line argument: -Djava.util.logging.manager=org.apache.juli.ClassLoaderLogManager
05-Jan-2018 13:00:03.144 INFO [main] org.apache.catalina.startup.VersionLoggerListener.log Command line argument: -Xmx512m
05-Jan-2018 13:00:03.144 INFO [main] org.apache.catalina.startup.VersionLoggerListener.log Command line argument: -Dcatalina.base=/Users/raphaelkolhaupt/Documents/ADesktop/Informatik17_18/ITM/Abgabe3/itm_skeleton_a3_SS17/assignment3/tools/tomcat/apache-tomcat-9.0.0.M1
05-Jan-2018 13:00:03.145 INFO [main] org.apache.catalina.startup.VersionLoggerListener.log Command line argument: -Dcatalina.home=/Users/raphaelkolhaupt/Documents/ADesktop/Informatik17_18/ITM/Abgabe3/itm_skeleton_a3_SS17/assignment3/tools/tomcat/apache-tomcat-9.0.0.M1
05-Jan-2018 13:00:03.145 INFO [main] org.apache.catalina.startup.VersionLoggerListener.log Command line argument: -Djava.io.tmpdir=/Users/raphaelkolhaupt/Documents/ADesktop/Informatik17_18/ITM/Abgabe3/itm_skeleton_a3_SS17/assignment3/tools/tomcat/apache-tomcat-9.0.0.M1/temp
05-Jan-2018 13:00:03.146 INFO [main] org.apache.catalina.core.AprLifecycleListener.lifecycleEvent The APR based Apache Tomcat Native library which allows optimal performance in production environments was not found on the java.library.path: /Users/raphaelkolhaupt/Library/Java/Extensions:/Library/Java/Extensions:/Network/Library/Java/Extensions:/System/Library/Java/Extensions:/usr/lib/java:.
05-Jan-2018 13:00:03.434 INFO [main] org.apache.coyote.AbstractProtocol.init Initializing ProtocolHandler ["http-nio-8080"]
05-Jan-2018 13:00:03.530 INFO [main] org.apache.tomcat.util.net.NioSelectorPool.getSharedSelector Using a shared selector for servlet write/read
05-Jan-2018 13:00:03.544 INFO [main] org.apache.coyote.AbstractProtocol.init Initializing ProtocolHandler ["ajp-nio-8009"]
05-Jan-2018 13:00:03.546 INFO [main] org.apache.tomcat.util.net.NioSelectorPool.getSharedSelector Using a shared selector for servlet write/read
05-Jan-2018 13:00:03.547 INFO [main] org.apache.catalina.startup.Catalina.load Initialization processed in 1238 ms
05-Jan-2018 13:00:03.624 INFO [main] org.apache.catalina.core.StandardService.startInternal Starting service Catalina
05-Jan-2018 13:00:03.625 INFO [main] org.apache.catalina.core.StandardEngine.startInternal Starting Servlet Engine: Apache Tomcat/9.0.0.M1
05-Jan-2018 13:00:03.640 INFO [localhost-startStop-1] org.apache.catalina.startup.HostConfig.deployDescriptor Deploying configuration descriptor /Users/raphaelkolhaupt/Documents/ADesktop/Informatik17_18/ITM/Abgabe3/itm_skeleton_a3_SS17/assignment3/tools/tomcat/apache-tomcat-9.0.0.M1/conf/Catalina/localhost/itm.xml
05-Jan-2018 13:00:03.716 WARNING [localhost-startStop-1] org.apache.catalina.startup.SetContextPropertiesRule.begin [SetContextPropertiesRule]{Context} Setting property 'debug' to '0' did not find a matching property.
05-Jan-2018 13:00:05.332 INFO [localhost-startStop-1] org.apache.jasper.servlet.TldScanner.scanJars At least one JAR was scanned for TLDs yet contained no TLDs. Enable debug logging for this logger for a complete list of JARs that were scanned but no TLDs were found in them. Skipping unneeded JARs during scanning can improve startup time and JSP compilation time.
05-Jan-2018 13:00:05.420 INFO [localhost-startStop-1] org.apache.catalina.startup.HostConfig.deployDescriptor Deployment of configuration descriptor /Users/raphaelkolhaupt/Documents/ADesktop/Informatik17_18/ITM/Abgabe3/itm_skeleton_a3_SS17/assignment3/tools/tomcat/apache-tomcat-9.0.0.M1/conf/Catalina/localhost/itm.xml has finished in 1,779 ms
05-Jan-2018 13:00:05.422 INFO [localhost-startStop-1] org.apache.catalina.startup.HostConfig.deployDirectory Deploying web application directory /Users/raphaelkolhaupt/Documents/ADesktop/Informatik17_18/ITM/Abgabe3/itm_skeleton_a3_SS17/assignment3/tools/tomcat/apache-tomcat-9.0.0.M1/webapps/ROOT
05-Jan-2018 13:00:05.455 INFO [localhost-startStop-1] org.apache.catalina.startup.HostConfig.deployDirectory Deployment of web application directory /Users/raphaelkolhaupt/Documents/ADesktop/Informatik17_18/ITM/Abgabe3/itm_skeleton_a3_SS17/assignment3/tools/tomcat/apache-tomcat-9.0.0.M1/webapps/ROOT has finished in 34 ms
05-Jan-2018 13:00:05.461 INFO [main] org.apache.coyote.AbstractProtocol.start Starting ProtocolHandler [http-nio-8080]
05-Jan-2018 13:00:05.470 INFO [main] org.apache.coyote.AbstractProtocol.start Starting ProtocolHandler [ajp-nio-8009]
05-Jan-2018 13:00:05.471 INFO [main] org.apache.catalina.startup.Catalina.start Server startup in 1922 ms
05-Jan-2018 13:05:03.260 INFO [main] org.apache.catalina.core.StandardServer.await A valid shutdown command was received via the shutdown port. Stopping the Server instance.
05-Jan-2018 13:05:03.261 INFO [main] org.apache.coyote.AbstractProtocol.pause Pausing ProtocolHandler ["http-nio-8080"]
05-Jan-2018 13:05:03.324 INFO [main] org.apache.coyote.AbstractProtocol.pause Pausing ProtocolHandler ["ajp-nio-8009"]
05-Jan-2018 13:05:03.325 INFO [main] org.apache.catalina.core.StandardService.stopInternal Stopping service Catalina
05-Jan-2018 13:05:03.358 SEVERE [localhost-startStop-2] org.apache.catalina.loader.WebappClassLoaderBase.checkThreadLocalMapForLeaks The web application [itm] created a ThreadLocal with key of type [java.lang.ThreadLocal] (value [java.lang.ThreadLocal@34161bd0]) and a value of type [com.xuggle.ferry.JNIThreadProxy] (value [Thread[Thread-6,5,main]]) but failed to remove it when the web application was stopped. Threads are going to be renewed over time to try and avoid a probable memory leak.
05-Jan-2018 13:05:03.360 INFO [main] org.apache.coyote.AbstractProtocol.stop Stopping ProtocolHandler ["http-nio-8080"]
05-Jan-2018 13:05:03.365 INFO [main] org.apache.coyote.AbstractProtocol.stop Stopping ProtocolHandler ["ajp-nio-8009"]
05-Jan-2018 13:05:03.366 INFO [main] org.apache.coyote.AbstractProtocol.destroy Destroying ProtocolHandler ["http-nio-8080"]
05-Jan-2018 13:05:03.367 INFO [main] org.apache.coyote.AbstractProtocol.destroy Destroying ProtocolHandler ["ajp-nio-8009"]
05-Jan-2018 13:11:34.018 INFO [main] org.apache.catalina.startup.VersionLoggerListener.log Server version:        Apache Tomcat/9.0.0.M1
05-Jan-2018 13:11:34.022 INFO [main] org.apache.catalina.startup.VersionLoggerListener.log Server built:          Nov 12 2015 22:05:52 UTC
05-Jan-2018 13:11:34.023 INFO [main] org.apache.catalina.startup.VersionLoggerListener.log Server number:         9.0.0.0
05-Jan-2018 13:11:34.023 INFO [main] org.apache.catalina.startup.VersionLoggerListener.log OS Name:               Mac OS X
05-Jan-2018 13:11:34.023 INFO [main] org.apache.catalina.startup.VersionLoggerListener.log OS Version:            10.13.2
05-Jan-2018 13:11:34.024 INFO [main] org.apache.catalina.startup.VersionLoggerListener.log Architecture:          x86_64
05-Jan-2018 13:11:34.024 INFO [main] org.apache.catalina.startup.VersionLoggerListener.log Java Home:             /Library/Java/JavaVirtualMachines/jdk1.8.0_152.jdk/Contents/Home/jre
05-Jan-2018 13:11:34.025 INFO [main] org.apache.catalina.startup.VersionLoggerListener.log JVM Version:           1.8.0_152-b16
05-Jan-2018 13:11:34.025 INFO [main] org.apache.catalina.startup.VersionLoggerListener.log JVM Vendor:            Oracle Corporation
05-Jan-2018 13:11:34.025 INFO [main] org.apache.catalina.startup.VersionLoggerListener.log CATALINA_BASE:         /Users/raphaelkolhaupt/Documents/ADesktop/Informatik17_18/ITM/Abgabe3/itm_skeleton_a3_SS17/assignment3/tools/tomcat/apache-tomcat-9.0.0.M1
05-Jan-2018 13:11:34.026 INFO [main] org.apache.catalina.startup.VersionLoggerListener.log CATALINA_HOME:         /Users/raphaelkolhaupt/Documents/ADesktop/Informatik17_18/ITM/Abgabe3/itm_skeleton_a3_SS17/assignment3/tools/tomcat/apache-tomcat-9.0.0.M1
05-Jan-2018 13:11:34.027 INFO [main] org.apache.catalina.startup.VersionLoggerListener.log Command line argument: -Djava.util.logging.config.file=tools/tomcat/apache-tomcat-9.0.0.M1/conf/logging.properties
05-Jan-2018 13:11:34.032 INFO [main] org.apache.catalina.startup.VersionLoggerListener.log Command line argument: -Djava.util.logging.manager=org.apache.juli.ClassLoaderLogManager
05-Jan-2018 13:11:34.032 INFO [main] org.apache.catalina.startup.VersionLoggerListener.log Command line argument: -Xmx512m
05-Jan-2018 13:11:34.032 INFO [main] org.apache.catalina.startup.VersionLoggerListener.log Command line argument: -Dcatalina.base=tools/tomcat/apache-tomcat-9.0.0.M1
05-Jan-2018 13:11:34.033 INFO [main] org.apache.catalina.startup.VersionLoggerListener.log Command line argument: -Dcatalina.home=/Users/raphaelkolhaupt/Documents/ADesktop/Informatik17_18/ITM/Abgabe3/itm_skeleton_a3_SS17/assignment3/tools/tomcat/apache-tomcat-9.0.0.M1
05-Jan-2018 13:11:34.033 INFO [main] org.apache.catalina.startup.VersionLoggerListener.log Command line argument: -Djava.io.tmpdir=/Users/raphaelkolhaupt/Documents/ADesktop/Informatik17_18/ITM/Abgabe3/itm_skeleton_a3_SS17/assignment3/tools/tomcat/apache-tomcat-9.0.0.M1/temp
05-Jan-2018 13:11:34.034 INFO [main] org.apache.catalina.core.AprLifecycleListener.lifecycleEvent The APR based Apache Tomcat Native library which allows optimal performance in production environments was not found on the java.library.path: /Users/raphaelkolhaupt/Library/Java/Extensions:/Library/Java/Extensions:/Network/Library/Java/Extensions:/System/Library/Java/Extensions:/usr/lib/java:.
05-Jan-2018 13:11:34.384 INFO [main] org.apache.coyote.AbstractProtocol.init Initializing ProtocolHandler ["http-nio-8080"]
05-Jan-2018 13:11:34.487 INFO [main] org.apache.tomcat.util.net.NioSelectorPool.getSharedSelector Using a shared selector for servlet write/read
05-Jan-2018 13:11:34.502 INFO [main] org.apache.coyote.AbstractProtocol.init Initializing ProtocolHandler ["ajp-nio-8009"]
05-Jan-2018 13:11:34.504 INFO [main] org.apache.tomcat.util.net.NioSelectorPool.getSharedSelector Using a shared selector for servlet write/read
05-Jan-2018 13:11:34.521 INFO [main] org.apache.catalina.startup.Catalina.load Initialization processed in 2675 ms
05-Jan-2018 13:11:34.577 INFO [main] org.apache.catalina.core.StandardService.startInternal Starting service Catalina
05-Jan-2018 13:11:34.579 INFO [main] org.apache.catalina.core.StandardEngine.startInternal Starting Servlet Engine: Apache Tomcat/9.0.0.M1
05-Jan-2018 13:11:34.600 INFO [localhost-startStop-1] org.apache.catalina.startup.HostConfig.deployDescriptor Deploying configuration descriptor /Users/raphaelkolhaupt/Documents/ADesktop/Informatik17_18/ITM/Abgabe3/itm_skeleton_a3_SS17/assignment3/tools/tomcat/apache-tomcat-9.0.0.M1/conf/Catalina/localhost/itm.xml
05-Jan-2018 13:11:34.657 WARNING [localhost-startStop-1] org.apache.catalina.startup.SetContextPropertiesRule.begin [SetContextPropertiesRule]{Context} Setting property 'debug' to '0' did not find a matching property.
05-Jan-2018 13:11:37.172 INFO [localhost-startStop-1] org.apache.jasper.servlet.TldScanner.scanJars At least one JAR was scanned for TLDs yet contained no TLDs. Enable debug logging for this logger for a complete list of JARs that were scanned but no TLDs were found in them. Skipping unneeded JARs during scanning can improve startup time and JSP compilation time.
05-Jan-2018 13:11:37.477 INFO [localhost-startStop-1] org.apache.catalina.startup.HostConfig.deployDescriptor Deployment of configuration descriptor /Users/raphaelkolhaupt/Documents/ADesktop/Informatik17_18/ITM/Abgabe3/itm_skeleton_a3_SS17/assignment3/tools/tomcat/apache-tomcat-9.0.0.M1/conf/Catalina/localhost/itm.xml has finished in 2,876 ms
05-Jan-2018 13:11:37.479 INFO [localhost-startStop-1] org.apache.catalina.startup.HostConfig.deployDirectory Deploying web application directory /Users/raphaelkolhaupt/Documents/ADesktop/Informatik17_18/ITM/Abgabe3/itm_skeleton_a3_SS17/assignment3/tools/tomcat/apache-tomcat-9.0.0.M1/webapps/ROOT
05-Jan-2018 13:11:37.523 INFO [localhost-startStop-1] org.apache.catalina.startup.HostConfig.deployDirectory Deployment of web application directory /Users/raphaelkolhaupt/Documents/ADesktop/Informatik17_18/ITM/Abgabe3/itm_skeleton_a3_SS17/assignment3/tools/tomcat/apache-tomcat-9.0.0.M1/webapps/ROOT has finished in 44 ms
05-Jan-2018 13:11:37.528 INFO [main] org.apache.coyote.AbstractProtocol.start Starting ProtocolHandler [http-nio-8080]
05-Jan-2018 13:11:37.536 INFO [main] org.apache.coyote.AbstractProtocol.start Starting ProtocolHandler [ajp-nio-8009]
05-Jan-2018 13:11:37.538 INFO [main] org.apache.catalina.startup.Catalina.start Server startup in 3016 ms
05-Jan-2018 13:17:04.500 INFO [main] org.apache.catalina.core.StandardServer.await A valid shutdown command was received via the shutdown port. Stopping the Server instance.
05-Jan-2018 13:17:04.501 INFO [main] org.apache.coyote.AbstractProtocol.pause Pausing ProtocolHandler ["http-nio-8080"]
05-Jan-2018 13:17:04.565 INFO [main] org.apache.coyote.AbstractProtocol.pause Pausing ProtocolHandler ["ajp-nio-8009"]
05-Jan-2018 13:17:04.617 INFO [main] org.apache.catalina.core.StandardService.stopInternal Stopping service Catalina
05-Jan-2018 13:17:04.656 SEVERE [localhost-startStop-2] org.apache.catalina.loader.WebappClassLoaderBase.checkThreadLocalMapForLeaks The web application [itm] created a ThreadLocal with key of type [java.lang.ThreadLocal] (value [java.lang.ThreadLocal@10a9d041]) and a value of type [com.xuggle.ferry.JNIThreadProxy] (value [Thread[Thread-6,5,main]]) but failed to remove it when the web application was stopped. Threads are going to be renewed over time to try and avoid a probable memory leak.
05-Jan-2018 13:17:04.662 INFO [main] org.apache.coyote.AbstractProtocol.stop Stopping ProtocolHandler ["http-nio-8080"]
05-Jan-2018 13:17:04.667 INFO [main] org.apache.coyote.AbstractProtocol.stop Stopping ProtocolHandler ["ajp-nio-8009"]
05-Jan-2018 13:17:04.668 INFO [main] org.apache.coyote.AbstractProtocol.destroy Destroying ProtocolHandler ["http-nio-8080"]
05-Jan-2018 13:17:04.669 INFO [main] org.apache.coyote.AbstractProtocol.destroy Destroying ProtocolHandler ["ajp-nio-8009"]
