03-Jan-2016 19:23:34.793 INFO [main] org.apache.catalina.startup.VersionLoggerListener.log Server version:        Apache Tomcat/9.0.0.M1
03-Jan-2016 19:23:34.795 INFO [main] org.apache.catalina.startup.VersionLoggerListener.log Server built:          Nov 12 2015 22:05:52 UTC
03-Jan-2016 19:23:34.795 INFO [main] org.apache.catalina.startup.VersionLoggerListener.log Server number:         9.0.0.0
03-Jan-2016 19:23:34.795 INFO [main] org.apache.catalina.startup.VersionLoggerListener.log OS Name:               Windows 8.1
03-Jan-2016 19:23:34.795 INFO [main] org.apache.catalina.startup.VersionLoggerListener.log OS Version:            6.3
03-Jan-2016 19:23:34.795 INFO [main] org.apache.catalina.startup.VersionLoggerListener.log Architecture:          amd64
03-Jan-2016 19:23:34.796 INFO [main] org.apache.catalina.startup.VersionLoggerListener.log Java Home:             C:\Program Files\Java\jdk1.8.0_45\jre
03-Jan-2016 19:23:34.796 INFO [main] org.apache.catalina.startup.VersionLoggerListener.log JVM Version:           1.8.0_45-b15
03-Jan-2016 19:23:34.796 INFO [main] org.apache.catalina.startup.VersionLoggerListener.log JVM Vendor:            Oracle Corporation
03-Jan-2016 19:23:34.796 INFO [main] org.apache.catalina.startup.VersionLoggerListener.log CATALINA_BASE:         D:\Dropbox\Dropbox\Code\itm-2016-master\itm_skeleton_a3_SS16\assignment3\tools\tomcat\apache-tomcat-9.0.0.M1
03-Jan-2016 19:23:34.796 INFO [main] org.apache.catalina.startup.VersionLoggerListener.log CATALINA_HOME:         D:\Dropbox\Dropbox\Code\itm-2016-master\itm_skeleton_a3_SS16\assignment3\tools\tomcat\apache-tomcat-9.0.0.M1
03-Jan-2016 19:23:34.797 INFO [main] org.apache.catalina.startup.VersionLoggerListener.log Command line argument: -Djava.util.logging.config.file=tools\tomcat\apache-tomcat-9.0.0.M1\conf\logging.properties
03-Jan-2016 19:23:34.797 INFO [main] org.apache.catalina.startup.VersionLoggerListener.log Command line argument: -Djava.util.logging.manager=org.apache.juli.ClassLoaderLogManager
03-Jan-2016 19:23:34.797 INFO [main] org.apache.catalina.startup.VersionLoggerListener.log Command line argument: -Xmx512m
03-Jan-2016 19:23:34.797 INFO [main] org.apache.catalina.startup.VersionLoggerListener.log Command line argument: -Dcatalina.base=tools\tomcat\apache-tomcat-9.0.0.M1
03-Jan-2016 19:23:34.798 INFO [main] org.apache.catalina.startup.VersionLoggerListener.log Command line argument: -Dcatalina.home=tools\tomcat\apache-tomcat-9.0.0.M1
03-Jan-2016 19:23:34.798 INFO [main] org.apache.catalina.startup.VersionLoggerListener.log Command line argument: -Djava.io.tmpdir=tools\tomcat\apache-tomcat-9.0.0.M1\temp
03-Jan-2016 19:23:34.800 INFO [main] org.apache.catalina.core.AprLifecycleListener.lifecycleEvent The APR based Apache Tomcat Native library which allows optimal performance in production environments was not found on the java.library.path: C:\Program Files\Java\jdk1.8.0_45\bin;C:\WINDOWS\Sun\Java\bin;C:\WINDOWS\system32;C:\WINDOWS;C:\Program Files\Java\jdk1.8.0_45\bin;C:\ProgramData\Oracle\Java\javapath;C:\WINDOWS\system32;C:\WINDOWS;C:\WINDOWS\System32\Wbem;C:\WINDOWS\System32\WindowsPowerShell\v1.0\;C:\Program Files (x86)\AMD\ATI.ACE\Core-Static;C:\Program Files (x86)\ATI Technologies\ATI.ACE\Core-Static;C:\Program Files\Microsoft SQL Server\120\Tools\Binn\;C:\Program Files\TortoiseSVN\bin;C:\Program Files (x86)\QuickTime\QTSystem\;C:\Program Files\Microsoft\Web Platform Installer\;C:\Program Files\Microsoft SQL Server\110\Tools\Binn\;C:\Program Files (x86)\nodejs\;C:\Program Files (x86)\Microsoft Emulator Manager\1.0\;C:\Program Files (x86)\Windows Kits\10\Windows Performance Toolkit\;C:\Program Files\Microsoft DNX\Dnvm\;C:\Program Files (x86)\MySQL\MySQL Fabric 1.5 & MySQL Utilities 1.5\;C:\Program Files (x86)\MySQL\MySQL Fabric 1.5 & MySQL Utilities 1.5\Doctrine extensions for PHP\;C:\Program Files (x86)\Skype\Phone\;C:\Users\morit\.dnx\bin;C:\Users\morit\AppData\Roaming\npm;C:\Program Files (x86)\Microsoft VS Code\bin;C:\Program Files\Java\jdk1.8.0_45;.
03-Jan-2016 19:23:34.944 INFO [main] org.apache.coyote.AbstractProtocol.init Initializing ProtocolHandler ["http-nio-8080"]
03-Jan-2016 19:23:35.005 INFO [main] org.apache.tomcat.util.net.NioSelectorPool.getSharedSelector Using a shared selector for servlet write/read
03-Jan-2016 19:23:35.008 INFO [main] org.apache.coyote.AbstractProtocol.init Initializing ProtocolHandler ["ajp-nio-8009"]
03-Jan-2016 19:23:35.011 INFO [main] org.apache.tomcat.util.net.NioSelectorPool.getSharedSelector Using a shared selector for servlet write/read
03-Jan-2016 19:23:35.011 INFO [main] org.apache.catalina.startup.Catalina.load Initialization processed in 503 ms
03-Jan-2016 19:23:35.037 INFO [main] org.apache.catalina.core.StandardService.startInternal Starting service Catalina
03-Jan-2016 19:23:35.037 INFO [main] org.apache.catalina.core.StandardEngine.startInternal Starting Servlet Engine: Apache Tomcat/9.0.0.M1
03-Jan-2016 19:23:35.051 INFO [localhost-startStop-1] org.apache.catalina.startup.HostConfig.deployDescriptor Deploying configuration descriptor D:\Dropbox\Dropbox\Code\itm-2016-master\itm_skeleton_a3_SS16\assignment3\tools\tomcat\apache-tomcat-9.0.0.M1\conf\Catalina\localhost\itm.xml
03-Jan-2016 19:23:35.088 WARNING [localhost-startStop-1] org.apache.catalina.startup.SetContextPropertiesRule.begin [SetContextPropertiesRule]{Context} Setting property 'debug' to '0' did not find a matching property.
03-Jan-2016 19:23:36.201 INFO [localhost-startStop-1] org.apache.jasper.servlet.TldScanner.scanJars At least one JAR was scanned for TLDs yet contained no TLDs. Enable debug logging for this logger for a complete list of JARs that were scanned but no TLDs were found in them. Skipping unneeded JARs during scanning can improve startup time and JSP compilation time.
03-Jan-2016 19:23:36.274 INFO [localhost-startStop-1] org.apache.catalina.startup.HostConfig.deployDescriptor Deployment of configuration descriptor D:\Dropbox\Dropbox\Code\itm-2016-master\itm_skeleton_a3_SS16\assignment3\tools\tomcat\apache-tomcat-9.0.0.M1\conf\Catalina\localhost\itm.xml has finished in 1,222 ms
03-Jan-2016 19:23:36.276 INFO [localhost-startStop-1] org.apache.catalina.startup.HostConfig.deployDirectory Deploying web application directory D:\Dropbox\Dropbox\Code\itm-2016-master\itm_skeleton_a3_SS16\assignment3\tools\tomcat\apache-tomcat-9.0.0.M1\webapps\ROOT
03-Jan-2016 19:23:36.294 INFO [localhost-startStop-1] org.apache.catalina.startup.HostConfig.deployDirectory Deployment of web application directory D:\Dropbox\Dropbox\Code\itm-2016-master\itm_skeleton_a3_SS16\assignment3\tools\tomcat\apache-tomcat-9.0.0.M1\webapps\ROOT has finished in 18 ms
03-Jan-2016 19:23:36.296 INFO [main] org.apache.coyote.AbstractProtocol.start Starting ProtocolHandler [http-nio-8080]
03-Jan-2016 19:23:36.308 INFO [main] org.apache.coyote.AbstractProtocol.start Starting ProtocolHandler [ajp-nio-8009]
03-Jan-2016 19:23:36.311 INFO [main] org.apache.catalina.startup.Catalina.start Server startup in 1298 ms
03-Jan-2016 19:23:57.729 SEVERE [main] org.apache.catalina.startup.Catalina.stopServer Could not contact localhost:8005. Tomcat may not be running.
03-Jan-2016 19:23:57.732 SEVERE [main] org.apache.catalina.startup.Catalina.stopServer Catalina.stop: 
 java.net.ConnectException: Connection refused: connect
	at java.net.DualStackPlainSocketImpl.connect0(Native Method)
	at java.net.DualStackPlainSocketImpl.socketConnect(DualStackPlainSocketImpl.java:79)
	at java.net.AbstractPlainSocketImpl.doConnect(AbstractPlainSocketImpl.java:345)
	at java.net.AbstractPlainSocketImpl.connectToAddress(AbstractPlainSocketImpl.java:206)
	at java.net.AbstractPlainSocketImpl.connect(AbstractPlainSocketImpl.java:188)
	at java.net.PlainSocketImpl.connect(PlainSocketImpl.java:172)
	at java.net.SocksSocketImpl.connect(SocksSocketImpl.java:392)
	at java.net.Socket.connect(Socket.java:589)
	at java.net.Socket.connect(Socket.java:538)
	at java.net.Socket.<init>(Socket.java:434)
	at java.net.Socket.<init>(Socket.java:211)
	at org.apache.catalina.startup.Catalina.stopServer(Catalina.java:474)
	at sun.reflect.NativeMethodAccessorImpl.invoke0(Native Method)
	at sun.reflect.NativeMethodAccessorImpl.invoke(NativeMethodAccessorImpl.java:62)
	at sun.reflect.DelegatingMethodAccessorImpl.invoke(DelegatingMethodAccessorImpl.java:43)
	at java.lang.reflect.Method.invoke(Method.java:497)
	at org.apache.catalina.startup.Bootstrap.stopServer(Bootstrap.java:400)
	at org.apache.catalina.startup.Bootstrap.main(Bootstrap.java:487)

03-Jan-2016 19:24:30.292 INFO [main] org.apache.catalina.startup.VersionLoggerListener.log Server version:        Apache Tomcat/9.0.0.M1
03-Jan-2016 19:24:30.293 INFO [main] org.apache.catalina.startup.VersionLoggerListener.log Server built:          Nov 12 2015 22:05:52 UTC
03-Jan-2016 19:24:30.294 INFO [main] org.apache.catalina.startup.VersionLoggerListener.log Server number:         9.0.0.0
03-Jan-2016 19:24:30.294 INFO [main] org.apache.catalina.startup.VersionLoggerListener.log OS Name:               Windows 8.1
03-Jan-2016 19:24:30.294 INFO [main] org.apache.catalina.startup.VersionLoggerListener.log OS Version:            6.3
03-Jan-2016 19:24:30.294 INFO [main] org.apache.catalina.startup.VersionLoggerListener.log Architecture:          amd64
03-Jan-2016 19:24:30.294 INFO [main] org.apache.catalina.startup.VersionLoggerListener.log Java Home:             C:\Program Files\Java\jdk1.8.0_45\jre
03-Jan-2016 19:24:30.295 INFO [main] org.apache.catalina.startup.VersionLoggerListener.log JVM Version:           1.8.0_45-b15
03-Jan-2016 19:24:30.295 INFO [main] org.apache.catalina.startup.VersionLoggerListener.log JVM Vendor:            Oracle Corporation
03-Jan-2016 19:24:30.295 INFO [main] org.apache.catalina.startup.VersionLoggerListener.log CATALINA_BASE:         D:\Dropbox\Dropbox\Code\itm-2016-master\itm_skeleton_a3_SS16\assignment3\tools\tomcat\apache-tomcat-9.0.0.M1
03-Jan-2016 19:24:30.295 INFO [main] org.apache.catalina.startup.VersionLoggerListener.log CATALINA_HOME:         D:\Dropbox\Dropbox\Code\itm-2016-master\itm_skeleton_a3_SS16\assignment3\tools\tomcat\apache-tomcat-9.0.0.M1
03-Jan-2016 19:24:30.295 INFO [main] org.apache.catalina.startup.VersionLoggerListener.log Command line argument: -Djava.util.logging.config.file=tools\tomcat\apache-tomcat-9.0.0.M1\conf\logging.properties
03-Jan-2016 19:24:30.296 INFO [main] org.apache.catalina.startup.VersionLoggerListener.log Command line argument: -Djava.util.logging.manager=org.apache.juli.ClassLoaderLogManager
03-Jan-2016 19:24:30.296 INFO [main] org.apache.catalina.startup.VersionLoggerListener.log Command line argument: -Xmx512m
03-Jan-2016 19:24:30.296 INFO [main] org.apache.catalina.startup.VersionLoggerListener.log Command line argument: -Dcatalina.base=tools\tomcat\apache-tomcat-9.0.0.M1
03-Jan-2016 19:24:30.296 INFO [main] org.apache.catalina.startup.VersionLoggerListener.log Command line argument: -Dcatalina.home=tools\tomcat\apache-tomcat-9.0.0.M1
03-Jan-2016 19:24:30.296 INFO [main] org.apache.catalina.startup.VersionLoggerListener.log Command line argument: -Djava.io.tmpdir=tools\tomcat\apache-tomcat-9.0.0.M1\temp
03-Jan-2016 19:24:30.297 INFO [main] org.apache.catalina.core.AprLifecycleListener.lifecycleEvent The APR based Apache Tomcat Native library which allows optimal performance in production environments was not found on the java.library.path: C:\Program Files\Java\jdk1.8.0_45\bin;C:\WINDOWS\Sun\Java\bin;C:\WINDOWS\system32;C:\WINDOWS;C:\Program Files\Java\jdk1.8.0_45\bin;C:\ProgramData\Oracle\Java\javapath;C:\WINDOWS\system32;C:\WINDOWS;C:\WINDOWS\System32\Wbem;C:\WINDOWS\System32\WindowsPowerShell\v1.0\;C:\Program Files (x86)\AMD\ATI.ACE\Core-Static;C:\Program Files (x86)\ATI Technologies\ATI.ACE\Core-Static;C:\Program Files\Microsoft SQL Server\120\Tools\Binn\;C:\Program Files\TortoiseSVN\bin;C:\Program Files (x86)\QuickTime\QTSystem\;C:\Program Files\Microsoft\Web Platform Installer\;C:\Program Files\Microsoft SQL Server\110\Tools\Binn\;C:\Program Files (x86)\nodejs\;C:\Program Files (x86)\Microsoft Emulator Manager\1.0\;C:\Program Files (x86)\Windows Kits\10\Windows Performance Toolkit\;C:\Program Files\Microsoft DNX\Dnvm\;C:\Program Files (x86)\MySQL\MySQL Fabric 1.5 & MySQL Utilities 1.5\;C:\Program Files (x86)\MySQL\MySQL Fabric 1.5 & MySQL Utilities 1.5\Doctrine extensions for PHP\;C:\Program Files (x86)\Skype\Phone\;C:\Users\morit\.dnx\bin;C:\Users\morit\AppData\Roaming\npm;C:\Program Files (x86)\Microsoft VS Code\bin;C:\Program Files\Java\jdk1.8.0_45;.
03-Jan-2016 19:24:30.401 INFO [main] org.apache.coyote.AbstractProtocol.init Initializing ProtocolHandler ["http-nio-8080"]
03-Jan-2016 19:24:30.465 INFO [main] org.apache.tomcat.util.net.NioSelectorPool.getSharedSelector Using a shared selector for servlet write/read
03-Jan-2016 19:24:30.468 INFO [main] org.apache.coyote.AbstractProtocol.init Initializing ProtocolHandler ["ajp-nio-8009"]
03-Jan-2016 19:24:30.470 INFO [main] org.apache.tomcat.util.net.NioSelectorPool.getSharedSelector Using a shared selector for servlet write/read
03-Jan-2016 19:24:30.470 INFO [main] org.apache.catalina.startup.Catalina.load Initialization processed in 453 ms
03-Jan-2016 19:24:30.490 INFO [main] org.apache.catalina.core.StandardService.startInternal Starting service Catalina
03-Jan-2016 19:24:30.491 INFO [main] org.apache.catalina.core.StandardEngine.startInternal Starting Servlet Engine: Apache Tomcat/9.0.0.M1
03-Jan-2016 19:24:30.507 INFO [localhost-startStop-1] org.apache.catalina.startup.HostConfig.deployDescriptor Deploying configuration descriptor D:\Dropbox\Dropbox\Code\itm-2016-master\itm_skeleton_a3_SS16\assignment3\tools\tomcat\apache-tomcat-9.0.0.M1\conf\Catalina\localhost\itm.xml
03-Jan-2016 19:24:30.537 WARNING [localhost-startStop-1] org.apache.catalina.startup.SetContextPropertiesRule.begin [SetContextPropertiesRule]{Context} Setting property 'debug' to '0' did not find a matching property.
03-Jan-2016 19:24:31.003 INFO [localhost-startStop-1] org.apache.jasper.servlet.TldScanner.scanJars At least one JAR was scanned for TLDs yet contained no TLDs. Enable debug logging for this logger for a complete list of JARs that were scanned but no TLDs were found in them. Skipping unneeded JARs during scanning can improve startup time and JSP compilation time.
03-Jan-2016 19:24:31.088 INFO [localhost-startStop-1] org.apache.catalina.startup.HostConfig.deployDescriptor Deployment of configuration descriptor D:\Dropbox\Dropbox\Code\itm-2016-master\itm_skeleton_a3_SS16\assignment3\tools\tomcat\apache-tomcat-9.0.0.M1\conf\Catalina\localhost\itm.xml has finished in 581 ms
03-Jan-2016 19:24:31.090 INFO [localhost-startStop-1] org.apache.catalina.startup.HostConfig.deployDirectory Deploying web application directory D:\Dropbox\Dropbox\Code\itm-2016-master\itm_skeleton_a3_SS16\assignment3\tools\tomcat\apache-tomcat-9.0.0.M1\webapps\ROOT
03-Jan-2016 19:24:31.109 INFO [localhost-startStop-1] org.apache.catalina.startup.HostConfig.deployDirectory Deployment of web application directory D:\Dropbox\Dropbox\Code\itm-2016-master\itm_skeleton_a3_SS16\assignment3\tools\tomcat\apache-tomcat-9.0.0.M1\webapps\ROOT has finished in 19 ms
03-Jan-2016 19:24:31.112 INFO [main] org.apache.coyote.AbstractProtocol.start Starting ProtocolHandler [http-nio-8080]
03-Jan-2016 19:24:31.121 INFO [main] org.apache.coyote.AbstractProtocol.start Starting ProtocolHandler [ajp-nio-8009]
03-Jan-2016 19:24:31.123 INFO [main] org.apache.catalina.startup.Catalina.start Server startup in 652 ms
03-Jan-2016 19:26:21.074 INFO [main] org.apache.catalina.core.StandardServer.await A valid shutdown command was received via the shutdown port. Stopping the Server instance.
03-Jan-2016 19:26:21.075 INFO [main] org.apache.coyote.AbstractProtocol.pause Pausing ProtocolHandler ["http-nio-8080"]
03-Jan-2016 19:26:21.130 INFO [main] org.apache.coyote.AbstractProtocol.pause Pausing ProtocolHandler ["ajp-nio-8009"]
03-Jan-2016 19:26:21.181 INFO [main] org.apache.catalina.core.StandardService.stopInternal Stopping service Catalina
03-Jan-2016 19:26:21.214 INFO [main] org.apache.coyote.AbstractProtocol.stop Stopping ProtocolHandler ["http-nio-8080"]
03-Jan-2016 19:26:21.216 INFO [main] org.apache.coyote.AbstractProtocol.stop Stopping ProtocolHandler ["ajp-nio-8009"]
03-Jan-2016 19:26:21.217 INFO [main] org.apache.coyote.AbstractProtocol.destroy Destroying ProtocolHandler ["http-nio-8080"]
03-Jan-2016 19:26:21.218 INFO [main] org.apache.coyote.AbstractProtocol.destroy Destroying ProtocolHandler ["ajp-nio-8009"]
